2023-10-16 17:12:15.961  INFO 32948 --- [restartedMain] b.e.u.pb.pw26s.server.ServerApplication  : Starting ServerApplication using Java 17 on DESKTOP-PUU3LHI with PID 32948 (D:\dev\utfpr\aulas\pw26s-2023-2\aula10\server\target\classes started by vinic in D:\dev\utfpr\aulas\pw26s-2023-2\aula10\server)
2023-10-16 17:12:15.965  INFO 32948 --- [restartedMain] b.e.u.pb.pw26s.server.ServerApplication  : The following 1 profile is active: "dev"
2023-10-16 17:12:16.045  INFO 32948 --- [restartedMain] .e.DevToolsPropertyDefaultsPostProcessor : Devtools property defaults active! Set 'spring.devtools.add-properties' to 'false' to disable
2023-10-16 17:12:16.046  INFO 32948 --- [restartedMain] .e.DevToolsPropertyDefaultsPostProcessor : For additional web related logging consider setting the 'logging.level.web' property to 'DEBUG'
2023-10-16 17:12:17.641  INFO 32948 --- [restartedMain] .s.d.r.c.RepositoryConfigurationDelegate : Bootstrapping Spring Data JPA repositories in DEFAULT mode.
2023-10-16 17:12:17.777  INFO 32948 --- [restartedMain] .s.d.r.c.RepositoryConfigurationDelegate : Finished Spring Data repository scanning in 118 ms. Found 4 JPA repository interfaces.
2023-10-16 17:12:19.432  INFO 32948 --- [restartedMain] o.s.b.w.embedded.tomcat.TomcatWebServer  : Tomcat initialized with port(s): 8080 (http)
2023-10-16 17:12:19.446  INFO 32948 --- [restartedMain] o.apache.catalina.core.StandardService   : Starting service [Tomcat]
2023-10-16 17:12:19.447  INFO 32948 --- [restartedMain] org.apache.catalina.core.StandardEngine  : Starting Servlet engine: [Apache Tomcat/9.0.65]
2023-10-16 17:12:19.670  INFO 32948 --- [restartedMain] o.a.c.c.C.[Tomcat].[localhost].[/]       : Initializing Spring embedded WebApplicationContext
2023-10-16 17:12:19.670  INFO 32948 --- [restartedMain] w.s.c.ServletWebServerApplicationContext : Root WebApplicationContext: initialization completed in 3623 ms
2023-10-16 17:12:20.046  INFO 32948 --- [restartedMain] com.zaxxer.hikari.HikariDataSource       : HikariPool-1 - Starting...
2023-10-16 17:12:20.451  INFO 32948 --- [restartedMain] com.zaxxer.hikari.HikariDataSource       : HikariPool-1 - Start completed.
2023-10-16 17:12:20.467  INFO 32948 --- [restartedMain] o.s.b.a.h2.H2ConsoleAutoConfiguration    : H2 console available at '/h2-console'. Database available at 'jdbc:h2:mem:pw26s-dev'
2023-10-16 17:12:20.574  INFO 32948 --- [restartedMain] o.s.j.support.DatabaseStartupValidator   : Database startup detected after 0.002 seconds
2023-10-16 17:12:20.575  INFO 32948 --- [restartedMain] o.s.j.support.DatabaseStartupValidator   : Database startup detected after 0.0 seconds
2023-10-16 17:12:20.642  INFO 32948 --- [restartedMain] o.hibernate.jpa.internal.util.LogHelper  : HHH000204: Processing PersistenceUnitInfo [name: default]
2023-10-16 17:12:20.712  INFO 32948 --- [restartedMain] org.hibernate.Version                    : HHH000412: Hibernate ORM core version 5.6.10.Final
2023-10-16 17:12:20.909  INFO 32948 --- [restartedMain] o.hibernate.annotations.common.Version   : HCANN000001: Hibernate Commons Annotations {5.1.2.Final}
2023-10-16 17:12:21.051  INFO 32948 --- [restartedMain] org.hibernate.dialect.Dialect            : HHH000400: Using dialect: org.hibernate.dialect.H2Dialect
2023-10-16 17:12:21.654  INFO 32948 --- [restartedMain] o.h.e.t.j.p.i.JtaPlatformInitiator       : HHH000490: Using JtaPlatform implementation: [org.hibernate.engine.transaction.jta.platform.internal.NoJtaPlatform]
2023-10-16 17:12:21.661  INFO 32948 --- [restartedMain] j.LocalContainerEntityManagerFactoryBean : Initialized JPA EntityManagerFactory for persistence unit 'default'
2023-10-16 17:12:22.902  INFO 32948 --- [restartedMain] o.s.b.a.e.web.EndpointLinksResolver      : Exposing 15 endpoint(s) beneath base path '/actuator'
2023-10-16 17:12:22.972  WARN 32948 --- [restartedMain] JpaBaseConfiguration$JpaWebConfiguration : spring.jpa.open-in-view is enabled by default. Therefore, database queries may be performed during view rendering. Explicitly configure spring.jpa.open-in-view to disable this warning
2023-10-16 17:12:23.303  INFO 32948 --- [restartedMain] o.s.s.web.DefaultSecurityFilterChain     : Will secure any request with [org.springframework.security.web.session.DisableEncodeUrlFilter@7aae895c, org.springframework.security.web.context.request.async.WebAsyncManagerIntegrationFilter@78fd878d, org.springframework.security.web.context.SecurityContextPersistenceFilter@6c231716, org.springframework.security.web.header.HeaderWriterFilter@2cd119cb, org.springframework.web.filter.CorsFilter@5801a651, org.springframework.security.web.authentication.logout.LogoutFilter@709d053a, br.edu.utfpr.pb.pw26s.server.security.JWTAuthenticationFilter@26481cb4, br.edu.utfpr.pb.pw26s.server.security.JWTAuthorizationFilter@28a28548, org.springframework.security.web.savedrequest.RequestCacheAwareFilter@7285c69, org.springframework.security.web.servletapi.SecurityContextHolderAwareRequestFilter@5a7af375, org.springframework.security.web.authentication.AnonymousAuthenticationFilter@3cf7be3e, org.springframework.security.web.session.SessionManagementFilter@4c8096cf, org.springframework.security.web.access.ExceptionTranslationFilter@66243b3c, org.springframework.security.web.access.intercept.FilterSecurityInterceptor@7416c309]
2023-10-16 17:12:23.383  INFO 32948 --- [restartedMain] o.s.b.d.a.OptionalLiveReloadServer       : LiveReload server is running on port 35729
2023-10-16 17:12:23.724  INFO 32948 --- [restartedMain] o.f.c.internal.license.VersionPrinter    : Flyway Community Edition 8.5.13 by Redgate
2023-10-16 17:12:23.724  INFO 32948 --- [restartedMain] o.f.c.internal.license.VersionPrinter    : See what's new here: https://flywaydb.org/documentation/learnmore/releaseNotes#8.5.13
2023-10-16 17:12:23.725  INFO 32948 --- [restartedMain] o.f.c.internal.license.VersionPrinter    : 
2023-10-16 17:12:23.735  INFO 32948 --- [restartedMain] o.f.c.i.database.base.BaseDatabaseType   : Database: jdbc:h2:mem:pw26s-dev (H2 2.1)
2023-10-16 17:12:23.763  WARN 32948 --- [restartedMain] o.f.c.internal.database.base.Database    : Flyway upgrade recommended: H2 2.1.214 is newer than this version of Flyway and support has not been tested. The latest supported version of H2 is 2.1.210.
2023-10-16 17:12:23.794  INFO 32948 --- [restartedMain] o.f.core.internal.command.DbValidate     : Successfully validated 2 migrations (execution time 00:00.020s)
2023-10-16 17:12:23.800  INFO 32948 --- [restartedMain] o.f.c.i.s.JdbcTableSchemaHistory         : Creating Schema History table "PUBLIC"."flyway_schema_history" ...
2023-10-16 17:12:23.821  INFO 32948 --- [restartedMain] o.f.core.internal.command.DbMigrate      : Current version of schema "PUBLIC": << Empty Schema >>
2023-10-16 17:12:23.827  INFO 32948 --- [restartedMain] o.f.core.internal.command.DbMigrate      : Migrating schema "PUBLIC" to version "1.0 - Init"
2023-10-16 17:12:23.846  INFO 32948 --- [restartedMain] o.f.core.internal.command.DbMigrate      : Migrating schema "PUBLIC" to version "1.1 - Data"
2023-10-16 17:12:23.854  INFO 32948 --- [restartedMain] o.f.core.internal.command.DbMigrate      : Successfully applied 2 migrations to schema "PUBLIC", now at version v1.1 (execution time 00:00.034s)
2023-10-16 17:12:23.964  INFO 32948 --- [restartedMain] o.s.b.w.embedded.tomcat.TomcatWebServer  : Tomcat started on port(s): 8080 (http) with context path ''
2023-10-16 17:12:24.026  WARN 32948 --- [restartedMain] s.d.b.BodyParameterSpecificationProvider : Parameter should either be a simple or a content type
2023-10-16 17:12:24.411  INFO 32948 --- [restartedMain] b.e.u.pb.pw26s.server.ServerApplication  : Started ServerApplication in 8.954 seconds (JVM running for 9.92)
2023-10-16 17:12:24.712  INFO 32948 --- [RMI TCP Connection(6)-192.168.56.1] o.a.c.c.C.[Tomcat].[localhost].[/]       : Initializing Spring DispatcherServlet 'dispatcherServlet'
2023-10-16 17:12:24.713  INFO 32948 --- [RMI TCP Connection(6)-192.168.56.1] o.s.web.servlet.DispatcherServlet        : Initializing Servlet 'dispatcherServlet'
2023-10-16 17:12:24.714  INFO 32948 --- [RMI TCP Connection(6)-192.168.56.1] o.s.web.servlet.DispatcherServlet        : Completed initialization in 1 ms
2023-10-16 17:12:29.460  WARN 32948 --- [registrationTask1] d.c.b.a.c.r.ApplicationRegistrator       : Failed to register application as Application(name=spring-boot-application, managementUrl=http://DESKTOP-PUU3LHI:8080/actuator, healthUrl=http://DESKTOP-PUU3LHI:8080/actuator/health, serviceUrl=http://DESKTOP-PUU3LHI:8080/) at spring-boot-admin ([http://localhost:8081/instances]): I/O error on POST request for "http://localhost:8081/instances": Connect to localhost:8081 [localhost/127.0.0.1, localhost/0:0:0:0:0:0:0:1] failed: Connection refused: no further information; nested exception is org.apache.http.conn.HttpHostConnectException: Connect to localhost:8081 [localhost/127.0.0.1, localhost/0:0:0:0:0:0:0:1] failed: Connection refused: no further information. Further attempts are logged on DEBUG level
2023-10-16 17:13:59.268  WARN 32948 --- [SpringApplicationShutdownHook] o.s.b.f.support.DisposableBeanAdapter    : Invocation of destroy method failed on bean with name 'inMemoryDatabaseShutdownExecutor': org.h2.jdbc.JdbcSQLNonTransientConnectionException: Database is already closed (to disable automatic closing at VM shutdown, add ";DB_CLOSE_ON_EXIT=FALSE" to the db URL) [90121-214]
2023-10-16 17:13:59.274  INFO 32948 --- [SpringApplicationShutdownHook] j.LocalContainerEntityManagerFactoryBean : Closing JPA EntityManagerFactory for persistence unit 'default'
2023-10-16 17:13:59.276  INFO 32948 --- [SpringApplicationShutdownHook] com.zaxxer.hikari.HikariDataSource       : HikariPool-1 - Shutdown initiated...
2023-10-16 17:13:59.334  INFO 32948 --- [SpringApplicationShutdownHook] com.zaxxer.hikari.HikariDataSource       : HikariPool-1 - Shutdown completed.
2023-10-16 17:14:05.379  INFO 23516 --- [restartedMain] b.e.u.pb.pw26s.server.ServerApplication  : Starting ServerApplication using Java 17 on DESKTOP-PUU3LHI with PID 23516 (D:\dev\utfpr\aulas\pw26s-2023-2\aula10\server\target\classes started by vinic in D:\dev\utfpr\aulas\pw26s-2023-2\aula10\server)
2023-10-16 17:14:05.381  INFO 23516 --- [restartedMain] b.e.u.pb.pw26s.server.ServerApplication  : The following 1 profile is active: "dev"
2023-10-16 17:14:05.441  INFO 23516 --- [restartedMain] .e.DevToolsPropertyDefaultsPostProcessor : Devtools property defaults active! Set 'spring.devtools.add-properties' to 'false' to disable
2023-10-16 17:14:05.442  INFO 23516 --- [restartedMain] .e.DevToolsPropertyDefaultsPostProcessor : For additional web related logging consider setting the 'logging.level.web' property to 'DEBUG'
2023-10-16 17:14:07.056  INFO 23516 --- [restartedMain] .s.d.r.c.RepositoryConfigurationDelegate : Bootstrapping Spring Data JPA repositories in DEFAULT mode.
2023-10-16 17:14:07.172  INFO 23516 --- [restartedMain] .s.d.r.c.RepositoryConfigurationDelegate : Finished Spring Data repository scanning in 103 ms. Found 4 JPA repository interfaces.
2023-10-16 17:14:08.083  INFO 23516 --- [restartedMain] o.s.b.w.embedded.tomcat.TomcatWebServer  : Tomcat initialized with port(s): 8080 (http)
2023-10-16 17:14:08.092  INFO 23516 --- [restartedMain] o.apache.catalina.core.StandardService   : Starting service [Tomcat]
2023-10-16 17:14:08.093  INFO 23516 --- [restartedMain] org.apache.catalina.core.StandardEngine  : Starting Servlet engine: [Apache Tomcat/9.0.65]
2023-10-16 17:14:08.220  INFO 23516 --- [restartedMain] o.a.c.c.C.[Tomcat].[localhost].[/]       : Initializing Spring embedded WebApplicationContext
2023-10-16 17:14:08.221  INFO 23516 --- [restartedMain] w.s.c.ServletWebServerApplicationContext : Root WebApplicationContext: initialization completed in 2779 ms
2023-10-16 17:14:08.354  INFO 23516 --- [restartedMain] com.zaxxer.hikari.HikariDataSource       : HikariPool-1 - Starting...
2023-10-16 17:14:08.542  INFO 23516 --- [restartedMain] com.zaxxer.hikari.HikariDataSource       : HikariPool-1 - Start completed.
2023-10-16 17:14:08.550  INFO 23516 --- [restartedMain] o.s.b.a.h2.H2ConsoleAutoConfiguration    : H2 console available at '/h2-console'. Database available at 'jdbc:h2:mem:pw26s-dev'
2023-10-16 17:14:08.625  INFO 23516 --- [restartedMain] o.s.j.support.DatabaseStartupValidator   : Database startup detected after 0.001 seconds
2023-10-16 17:14:08.626  INFO 23516 --- [restartedMain] o.s.j.support.DatabaseStartupValidator   : Database startup detected after 0.0 seconds
2023-10-16 17:14:08.672  INFO 23516 --- [restartedMain] o.hibernate.jpa.internal.util.LogHelper  : HHH000204: Processing PersistenceUnitInfo [name: default]
2023-10-16 17:14:08.712  INFO 23516 --- [restartedMain] org.hibernate.Version                    : HHH000412: Hibernate ORM core version 5.6.10.Final
2023-10-16 17:14:08.838  INFO 23516 --- [restartedMain] o.hibernate.annotations.common.Version   : HCANN000001: Hibernate Commons Annotations {5.1.2.Final}
2023-10-16 17:14:08.967  INFO 23516 --- [restartedMain] org.hibernate.dialect.Dialect            : HHH000400: Using dialect: org.hibernate.dialect.H2Dialect
2023-10-16 17:14:09.465  INFO 23516 --- [restartedMain] o.h.e.t.j.p.i.JtaPlatformInitiator       : HHH000490: Using JtaPlatform implementation: [org.hibernate.engine.transaction.jta.platform.internal.NoJtaPlatform]
2023-10-16 17:14:09.472  INFO 23516 --- [restartedMain] j.LocalContainerEntityManagerFactoryBean : Initialized JPA EntityManagerFactory for persistence unit 'default'
2023-10-16 17:14:10.352  INFO 23516 --- [restartedMain] o.s.b.a.e.web.EndpointLinksResolver      : Exposing 15 endpoint(s) beneath base path '/actuator'
2023-10-16 17:14:10.401  WARN 23516 --- [restartedMain] JpaBaseConfiguration$JpaWebConfiguration : spring.jpa.open-in-view is enabled by default. Therefore, database queries may be performed during view rendering. Explicitly configure spring.jpa.open-in-view to disable this warning
2023-10-16 17:14:10.691  INFO 23516 --- [restartedMain] o.s.s.web.DefaultSecurityFilterChain     : Will secure any request with [org.springframework.security.web.session.DisableEncodeUrlFilter@8c09a90, org.springframework.security.web.context.request.async.WebAsyncManagerIntegrationFilter@12f0f5cf, org.springframework.security.web.context.SecurityContextPersistenceFilter@2b69690d, org.springframework.security.web.header.HeaderWriterFilter@7da990e7, org.springframework.web.filter.CorsFilter@747b81, org.springframework.security.web.authentication.logout.LogoutFilter@70be2064, br.edu.utfpr.pb.pw26s.server.security.JWTAuthenticationFilter@2d288c73, br.edu.utfpr.pb.pw26s.server.security.JWTAuthorizationFilter@2130975c, org.springframework.security.web.savedrequest.RequestCacheAwareFilter@39baf3f6, org.springframework.security.web.servletapi.SecurityContextHolderAwareRequestFilter@641c72, org.springframework.security.web.authentication.AnonymousAuthenticationFilter@34fb5038, org.springframework.security.web.session.SessionManagementFilter@1cff51ed, org.springframework.security.web.access.ExceptionTranslationFilter@3490e8b5, org.springframework.security.web.access.intercept.FilterSecurityInterceptor@7e028817]
2023-10-16 17:14:10.768  INFO 23516 --- [restartedMain] o.s.b.d.a.OptionalLiveReloadServer       : LiveReload server is running on port 35729
2023-10-16 17:14:11.148  INFO 23516 --- [restartedMain] o.f.c.internal.license.VersionPrinter    : Flyway Community Edition 8.5.13 by Redgate
2023-10-16 17:14:11.148  INFO 23516 --- [restartedMain] o.f.c.internal.license.VersionPrinter    : See what's new here: https://flywaydb.org/documentation/learnmore/releaseNotes#8.5.13
2023-10-16 17:14:11.148  INFO 23516 --- [restartedMain] o.f.c.internal.license.VersionPrinter    : 
2023-10-16 17:14:11.161  INFO 23516 --- [restartedMain] o.f.c.i.database.base.BaseDatabaseType   : Database: jdbc:h2:mem:pw26s-dev (H2 2.1)
2023-10-16 17:14:11.209  WARN 23516 --- [restartedMain] o.f.c.internal.database.base.Database    : Flyway upgrade recommended: H2 2.1.214 is newer than this version of Flyway and support has not been tested. The latest supported version of H2 is 2.1.210.
2023-10-16 17:14:11.250  INFO 23516 --- [restartedMain] o.f.core.internal.command.DbValidate     : Successfully validated 2 migrations (execution time 00:00.025s)
2023-10-16 17:14:11.257  INFO 23516 --- [restartedMain] o.f.c.i.s.JdbcTableSchemaHistory         : Creating Schema History table "PUBLIC"."flyway_schema_history" ...
2023-10-16 17:14:11.289  INFO 23516 --- [restartedMain] o.f.core.internal.command.DbMigrate      : Current version of schema "PUBLIC": << Empty Schema >>
2023-10-16 17:14:11.298  INFO 23516 --- [restartedMain] o.f.core.internal.command.DbMigrate      : Migrating schema "PUBLIC" to version "1.0 - Init"
2023-10-16 17:14:11.337  INFO 23516 --- [restartedMain] o.f.core.internal.command.DbMigrate      : Migrating schema "PUBLIC" to version "1.1 - Data"
2023-10-16 17:14:11.350  INFO 23516 --- [restartedMain] o.f.core.internal.command.DbMigrate      : Successfully applied 2 migrations to schema "PUBLIC", now at version v1.1 (execution time 00:00.064s)
2023-10-16 17:14:11.514  INFO 23516 --- [restartedMain] o.s.b.w.embedded.tomcat.TomcatWebServer  : Tomcat started on port(s): 8080 (http) with context path ''
2023-10-16 17:14:11.602  WARN 23516 --- [restartedMain] s.d.b.BodyParameterSpecificationProvider : Parameter should either be a simple or a content type
2023-10-16 17:14:12.123  INFO 23516 --- [restartedMain] b.e.u.pb.pw26s.server.ServerApplication  : Started ServerApplication in 7.178 seconds (JVM running for 7.936)
2023-10-16 17:14:12.494  INFO 23516 --- [RMI TCP Connection(2)-192.168.56.1] o.a.c.c.C.[Tomcat].[localhost].[/]       : Initializing Spring DispatcherServlet 'dispatcherServlet'
2023-10-16 17:14:12.494  INFO 23516 --- [RMI TCP Connection(2)-192.168.56.1] o.s.web.servlet.DispatcherServlet        : Initializing Servlet 'dispatcherServlet'
2023-10-16 17:14:12.496  INFO 23516 --- [RMI TCP Connection(2)-192.168.56.1] o.s.web.servlet.DispatcherServlet        : Completed initialization in 2 ms
2023-10-16 17:14:17.150  WARN 23516 --- [registrationTask1] d.c.b.a.c.r.ApplicationRegistrator       : Failed to register application as Application(name=spring-boot-application, managementUrl=http://DESKTOP-PUU3LHI:8080/actuator, healthUrl=http://DESKTOP-PUU3LHI:8080/actuator/health, serviceUrl=http://DESKTOP-PUU3LHI:8080/) at spring-boot-admin ([http://localhost:8081/instances]): I/O error on POST request for "http://localhost:8081/instances": Connect to localhost:8081 [localhost/127.0.0.1, localhost/0:0:0:0:0:0:0:1] failed: Connection refused: no further information; nested exception is org.apache.http.conn.HttpHostConnectException: Connect to localhost:8081 [localhost/127.0.0.1, localhost/0:0:0:0:0:0:0:1] failed: Connection refused: no further information. Further attempts are logged on DEBUG level
2023-10-16 18:32:24.388  WARN 23516 --- [HikariPool-1 housekeeper] com.zaxxer.hikari.pool.HikariPool        : HikariPool-1 - Thread starvation or clock leap detected (housekeeper delta=12m44s700ms436µs900ns).
