2023-09-04T18:52:02.548-03:00  INFO 24956 --- [restartedMain] b.e.u.pb.pw26s.server.ServerApplication  : Starting ServerApplication using Java 17 with PID 24956 (D:\dev\utfpr\aulas\pw26s-2023-2\aula4\server\target\classes started by vinic in D:\dev\utfpr\aulas\pw26s-2023-2\aula4\server)
2023-09-04T18:52:02.550-03:00  INFO 24956 --- [restartedMain] b.e.u.pb.pw26s.server.ServerApplication  : The following 1 profile is active: "dev"
2023-09-04T18:52:02.597-03:00  INFO 24956 --- [restartedMain] .e.DevToolsPropertyDefaultsPostProcessor : Devtools property defaults active! Set 'spring.devtools.add-properties' to 'false' to disable
2023-09-04T18:52:02.598-03:00  INFO 24956 --- [restartedMain] .e.DevToolsPropertyDefaultsPostProcessor : For additional web related logging consider setting the 'logging.level.web' property to 'DEBUG'
2023-09-04T18:52:03.804-03:00  INFO 24956 --- [restartedMain] .s.d.r.c.RepositoryConfigurationDelegate : Bootstrapping Spring Data JPA repositories in DEFAULT mode.
2023-09-04T18:52:03.869-03:00  INFO 24956 --- [restartedMain] .s.d.r.c.RepositoryConfigurationDelegate : Finished Spring Data repository scanning in 59 ms. Found 4 JPA repository interfaces.
2023-09-04T18:52:04.501-03:00  INFO 24956 --- [restartedMain] o.s.b.w.embedded.tomcat.TomcatWebServer  : Tomcat initialized with port(s): 8080 (http)
2023-09-04T18:52:04.513-03:00  INFO 24956 --- [restartedMain] o.apache.catalina.core.StandardService   : Starting service [Tomcat]
2023-09-04T18:52:04.513-03:00  INFO 24956 --- [restartedMain] o.apache.catalina.core.StandardEngine    : Starting Servlet engine: [Apache Tomcat/10.1.11]
2023-09-04T18:52:04.575-03:00  INFO 24956 --- [restartedMain] o.a.c.c.C.[Tomcat].[localhost].[/]       : Initializing Spring embedded WebApplicationContext
2023-09-04T18:52:04.575-03:00  INFO 24956 --- [restartedMain] w.s.c.ServletWebServerApplicationContext : Root WebApplicationContext: initialization completed in 1976 ms
2023-09-04T18:52:04.652-03:00  INFO 24956 --- [restartedMain] com.zaxxer.hikari.HikariDataSource       : HikariPool-1 - Starting...
2023-09-04T18:52:04.818-03:00  INFO 24956 --- [restartedMain] com.zaxxer.hikari.pool.HikariPool        : HikariPool-1 - Added connection conn0: url=jdbc:h2:mem:pw26s-dev user=SA
2023-09-04T18:52:04.820-03:00  INFO 24956 --- [restartedMain] com.zaxxer.hikari.HikariDataSource       : HikariPool-1 - Start completed.
2023-09-04T18:52:04.829-03:00  INFO 24956 --- [restartedMain] o.s.b.a.h2.H2ConsoleAutoConfiguration    : H2 console available at '/h2-console'. Database available at 'jdbc:h2:mem:pw26s-dev'
2023-09-04T18:52:04.957-03:00  INFO 24956 --- [restartedMain] o.f.c.internal.license.VersionPrinter    : Flyway Community Edition 9.16.3 by Redgate
2023-09-04T18:52:04.957-03:00  INFO 24956 --- [restartedMain] o.f.c.internal.license.VersionPrinter    : See release notes here: https://rd.gt/416ObMi
2023-09-04T18:52:04.957-03:00  INFO 24956 --- [restartedMain] o.f.c.internal.license.VersionPrinter    : 
2023-09-04T18:52:04.968-03:00  INFO 24956 --- [restartedMain] o.f.c.i.database.base.BaseDatabaseType   : Database: jdbc:h2:mem:pw26s-dev (H2 2.1)
2023-09-04T18:52:05.030-03:00  INFO 24956 --- [restartedMain] o.f.c.i.s.JdbcTableSchemaHistory         : Schema history table "PUBLIC"."flyway_schema_history" does not exist yet
2023-09-04T18:52:05.033-03:00  INFO 24956 --- [restartedMain] o.f.core.internal.command.DbValidate     : Successfully validated 2 migrations (execution time 00:00.028s)
2023-09-04T18:52:05.040-03:00  INFO 24956 --- [restartedMain] o.f.c.i.s.JdbcTableSchemaHistory         : Creating Schema History table "PUBLIC"."flyway_schema_history" ...
2023-09-04T18:52:05.063-03:00  INFO 24956 --- [restartedMain] o.f.core.internal.command.DbMigrate      : Current version of schema "PUBLIC": << Empty Schema >>
2023-09-04T18:52:05.070-03:00  INFO 24956 --- [restartedMain] o.f.core.internal.command.DbMigrate      : Migrating schema "PUBLIC" to version "1.0 - Init"
2023-09-04T18:52:05.095-03:00  INFO 24956 --- [restartedMain] o.f.core.internal.command.DbMigrate      : Migrating schema "PUBLIC" to version "1.1 - Data"
2023-09-04T18:52:05.105-03:00  INFO 24956 --- [restartedMain] o.f.core.internal.command.DbMigrate      : Successfully applied 2 migrations to schema "PUBLIC", now at version v1.1 (execution time 00:00.044s)
2023-09-04T18:52:05.180-03:00  INFO 24956 --- [restartedMain] o.hibernate.jpa.internal.util.LogHelper  : HHH000204: Processing PersistenceUnitInfo [name: default]
2023-09-04T18:52:05.231-03:00  INFO 24956 --- [restartedMain] org.hibernate.Version                    : HHH000412: Hibernate ORM core version 6.2.6.Final
2023-09-04T18:52:05.234-03:00  INFO 24956 --- [restartedMain] org.hibernate.cfg.Environment            : HHH000406: Using bytecode reflection optimizer
2023-09-04T18:52:05.240-03:00  WARN 24956 --- [restartedMain] org.hibernate.orm.deprecation            : HHH90000021: Encountered deprecated setting [javax.persistence.validation.mode], use [jakarta.persistence.validation.mode] instead
2023-09-04T18:52:05.356-03:00  INFO 24956 --- [restartedMain] o.h.b.i.BytecodeProviderInitiator        : HHH000021: Bytecode provider name : bytebuddy
2023-09-04T18:52:05.461-03:00  INFO 24956 --- [restartedMain] o.s.o.j.p.SpringPersistenceUnitInfo      : No LoadTimeWeaver setup: ignoring JPA class transformer
2023-09-04T18:52:05.707-03:00  INFO 24956 --- [restartedMain] o.h.b.i.BytecodeProviderInitiator        : HHH000021: Bytecode provider name : bytebuddy
2023-09-04T18:52:06.285-03:00  INFO 24956 --- [restartedMain] o.h.e.t.j.p.i.JtaPlatformInitiator       : HHH000490: Using JtaPlatform implementation: [org.hibernate.engine.transaction.jta.platform.internal.NoJtaPlatform]
2023-09-04T18:52:06.289-03:00  INFO 24956 --- [restartedMain] j.LocalContainerEntityManagerFactoryBean : Initialized JPA EntityManagerFactory for persistence unit 'default'
2023-09-04T18:52:06.759-03:00  WARN 24956 --- [restartedMain] JpaBaseConfiguration$JpaWebConfiguration : spring.jpa.open-in-view is enabled by default. Therefore, database queries may be performed during view rendering. Explicitly configure spring.jpa.open-in-view to disable this warning
2023-09-04T18:52:06.895-03:00  INFO 24956 --- [restartedMain] o.s.s.web.DefaultSecurityFilterChain     : Will secure any request with [org.springframework.security.web.session.DisableEncodeUrlFilter@6d8b2be5, org.springframework.security.web.context.request.async.WebAsyncManagerIntegrationFilter@7d353fba, org.springframework.security.web.context.SecurityContextHolderFilter@54b67efe, org.springframework.security.web.header.HeaderWriterFilter@4b3abc22, org.springframework.web.filter.CorsFilter@10ede872, org.springframework.security.web.authentication.logout.LogoutFilter@48e00856, br.edu.utfpr.pb.pw26s.server.security.JWTAuthenticationFilter@77f93142, br.edu.utfpr.pb.pw26s.server.security.JWTAuthorizationFilter@4399f85b, org.springframework.security.web.savedrequest.RequestCacheAwareFilter@3b989c7d, org.springframework.security.web.servletapi.SecurityContextHolderAwareRequestFilter@416c8cbd, org.springframework.security.web.authentication.AnonymousAuthenticationFilter@1785d77d, org.springframework.security.web.session.SessionManagementFilter@41c67bf0, org.springframework.security.web.access.ExceptionTranslationFilter@465ce836, org.springframework.security.web.access.intercept.AuthorizationFilter@13506fc9]
2023-09-04T18:52:07.459-03:00  INFO 24956 --- [restartedMain] o.s.b.d.a.OptionalLiveReloadServer       : LiveReload server is running on port 35729
2023-09-04T18:52:07.463-03:00  INFO 24956 --- [restartedMain] o.s.b.a.e.web.EndpointLinksResolver      : Exposing 15 endpoint(s) beneath base path '/actuator'
2023-09-04T18:52:07.535-03:00  INFO 24956 --- [restartedMain] o.s.b.w.embedded.tomcat.TomcatWebServer  : Tomcat started on port(s): 8080 (http) with context path ''
2023-09-04T18:52:07.549-03:00  INFO 24956 --- [restartedMain] b.e.u.pb.pw26s.server.ServerApplication  : Started ServerApplication in 5.624 seconds (process running for 6.45)
2023-09-04T18:52:07.620-03:00  WARN 24956 --- [registrationTask1] d.c.b.a.c.r.ApplicationRegistrator       : Failed to register application as Application(name=spring-boot-application, managementUrl=http://172.28.144.1:8080/actuator, healthUrl=http://172.28.144.1:8080/actuator/health, serviceUrl=http://172.28.144.1:8080/) at spring-boot-admin ([http://127.0.0.1:8081/instances]): I/O error on POST request for "http://127.0.0.1:8081/instances": Connection refused: no further information. Further attempts are logged on DEBUG level
2023-09-04T18:52:07.737-03:00  INFO 24956 --- [RMI TCP Connection(2)-172.28.144.1] o.a.c.c.C.[Tomcat].[localhost].[/]       : Initializing Spring DispatcherServlet 'dispatcherServlet'
2023-09-04T18:52:07.738-03:00  INFO 24956 --- [RMI TCP Connection(2)-172.28.144.1] o.s.web.servlet.DispatcherServlet        : Initializing Servlet 'dispatcherServlet'
2023-09-04T18:52:07.739-03:00  INFO 24956 --- [RMI TCP Connection(2)-172.28.144.1] o.s.web.servlet.DispatcherServlet        : Completed initialization in 1 ms
2023-09-04T19:06:23.212-03:00  INFO 24956 --- [SpringApplicationShutdownHook] j.LocalContainerEntityManagerFactoryBean : Closing JPA EntityManagerFactory for persistence unit 'default'
2023-09-04T19:06:23.592-03:00  WARN 24956 --- [SpringApplicationShutdownHook] o.s.b.f.support.DisposableBeanAdapter    : Invocation of destroy method failed on bean with name 'inMemoryDatabaseShutdownExecutor': org.h2.jdbc.JdbcSQLNonTransientConnectionException: Database is already closed (to disable automatic closing at VM shutdown, add ";DB_CLOSE_ON_EXIT=FALSE" to the db URL) [90121-214]
2023-09-04T19:06:23.593-03:00  INFO 24956 --- [SpringApplicationShutdownHook] com.zaxxer.hikari.HikariDataSource       : HikariPool-1 - Shutdown initiated...
2023-09-04T19:06:23.609-03:00  INFO 24956 --- [SpringApplicationShutdownHook] com.zaxxer.hikari.HikariDataSource       : HikariPool-1 - Shutdown completed.
2023-09-04T19:06:29.179-03:00  INFO 33216 --- [restartedMain] b.e.u.pb.pw26s.server.ServerApplication  : Starting ServerApplication using Java 17 with PID 33216 (D:\dev\utfpr\aulas\pw26s-2023-2\aula4\server\target\classes started by vinic in D:\dev\utfpr\aulas\pw26s-2023-2\aula4\server)
2023-09-04T19:06:29.183-03:00  INFO 33216 --- [restartedMain] b.e.u.pb.pw26s.server.ServerApplication  : The following 1 profile is active: "dev"
2023-09-04T19:06:29.236-03:00  INFO 33216 --- [restartedMain] .e.DevToolsPropertyDefaultsPostProcessor : Devtools property defaults active! Set 'spring.devtools.add-properties' to 'false' to disable
2023-09-04T19:06:29.237-03:00  INFO 33216 --- [restartedMain] .e.DevToolsPropertyDefaultsPostProcessor : For additional web related logging consider setting the 'logging.level.web' property to 'DEBUG'
2023-09-04T19:06:30.281-03:00  INFO 33216 --- [restartedMain] .s.d.r.c.RepositoryConfigurationDelegate : Bootstrapping Spring Data JPA repositories in DEFAULT mode.
2023-09-04T19:06:30.343-03:00  INFO 33216 --- [restartedMain] .s.d.r.c.RepositoryConfigurationDelegate : Finished Spring Data repository scanning in 56 ms. Found 4 JPA repository interfaces.
2023-09-04T19:06:30.838-03:00  INFO 33216 --- [restartedMain] o.s.b.w.embedded.tomcat.TomcatWebServer  : Tomcat initialized with port(s): 8080 (http)
2023-09-04T19:06:30.845-03:00  INFO 33216 --- [restartedMain] o.apache.catalina.core.StandardService   : Starting service [Tomcat]
2023-09-04T19:06:30.846-03:00  INFO 33216 --- [restartedMain] o.apache.catalina.core.StandardEngine    : Starting Servlet engine: [Apache Tomcat/10.1.11]
2023-09-04T19:06:30.895-03:00  INFO 33216 --- [restartedMain] o.a.c.c.C.[Tomcat].[localhost].[/]       : Initializing Spring embedded WebApplicationContext
2023-09-04T19:06:30.895-03:00  INFO 33216 --- [restartedMain] w.s.c.ServletWebServerApplicationContext : Root WebApplicationContext: initialization completed in 1658 ms
2023-09-04T19:06:30.970-03:00  INFO 33216 --- [restartedMain] com.zaxxer.hikari.HikariDataSource       : HikariPool-1 - Starting...
2023-09-04T19:06:31.133-03:00  INFO 33216 --- [restartedMain] com.zaxxer.hikari.pool.HikariPool        : HikariPool-1 - Added connection conn0: url=jdbc:h2:mem:pw26s-dev user=SA
2023-09-04T19:06:31.135-03:00  INFO 33216 --- [restartedMain] com.zaxxer.hikari.HikariDataSource       : HikariPool-1 - Start completed.
2023-09-04T19:06:31.144-03:00  INFO 33216 --- [restartedMain] o.s.b.a.h2.H2ConsoleAutoConfiguration    : H2 console available at '/h2-console'. Database available at 'jdbc:h2:mem:pw26s-dev'
2023-09-04T19:06:31.270-03:00  INFO 33216 --- [restartedMain] o.f.c.internal.license.VersionPrinter    : Flyway Community Edition 9.16.3 by Redgate
2023-09-04T19:06:31.270-03:00  INFO 33216 --- [restartedMain] o.f.c.internal.license.VersionPrinter    : See release notes here: https://rd.gt/416ObMi
2023-09-04T19:06:31.270-03:00  INFO 33216 --- [restartedMain] o.f.c.internal.license.VersionPrinter    : 
2023-09-04T19:06:31.281-03:00  INFO 33216 --- [restartedMain] o.f.c.i.database.base.BaseDatabaseType   : Database: jdbc:h2:mem:pw26s-dev (H2 2.1)
2023-09-04T19:06:31.333-03:00  INFO 33216 --- [restartedMain] o.f.c.i.s.JdbcTableSchemaHistory         : Schema history table "PUBLIC"."flyway_schema_history" does not exist yet
2023-09-04T19:06:31.336-03:00  INFO 33216 --- [restartedMain] o.f.core.internal.command.DbValidate     : Successfully validated 2 migrations (execution time 00:00.011s)
2023-09-04T19:06:31.343-03:00  INFO 33216 --- [restartedMain] o.f.c.i.s.JdbcTableSchemaHistory         : Creating Schema History table "PUBLIC"."flyway_schema_history" ...
2023-09-04T19:06:31.367-03:00  INFO 33216 --- [restartedMain] o.f.core.internal.command.DbMigrate      : Current version of schema "PUBLIC": << Empty Schema >>
2023-09-04T19:06:31.373-03:00  INFO 33216 --- [restartedMain] o.f.core.internal.command.DbMigrate      : Migrating schema "PUBLIC" to version "1.0 - Init"
2023-09-04T19:06:31.395-03:00  INFO 33216 --- [restartedMain] o.f.core.internal.command.DbMigrate      : Migrating schema "PUBLIC" to version "1.1 - Data"
2023-09-04T19:06:31.405-03:00  INFO 33216 --- [restartedMain] o.f.core.internal.command.DbMigrate      : Successfully applied 2 migrations to schema "PUBLIC", now at version v1.1 (execution time 00:00.041s)
2023-09-04T19:06:31.461-03:00  INFO 33216 --- [restartedMain] o.hibernate.jpa.internal.util.LogHelper  : HHH000204: Processing PersistenceUnitInfo [name: default]
2023-09-04T19:06:31.500-03:00  INFO 33216 --- [restartedMain] org.hibernate.Version                    : HHH000412: Hibernate ORM core version 6.2.6.Final
2023-09-04T19:06:31.502-03:00  INFO 33216 --- [restartedMain] org.hibernate.cfg.Environment            : HHH000406: Using bytecode reflection optimizer
2023-09-04T19:06:31.507-03:00  WARN 33216 --- [restartedMain] org.hibernate.orm.deprecation            : HHH90000021: Encountered deprecated setting [javax.persistence.validation.mode], use [jakarta.persistence.validation.mode] instead
2023-09-04T19:06:31.631-03:00  INFO 33216 --- [restartedMain] o.h.b.i.BytecodeProviderInitiator        : HHH000021: Bytecode provider name : bytebuddy
2023-09-04T19:06:31.732-03:00  INFO 33216 --- [restartedMain] o.s.o.j.p.SpringPersistenceUnitInfo      : No LoadTimeWeaver setup: ignoring JPA class transformer
2023-09-04T19:06:31.952-03:00  INFO 33216 --- [restartedMain] o.h.b.i.BytecodeProviderInitiator        : HHH000021: Bytecode provider name : bytebuddy
2023-09-04T19:06:32.510-03:00  INFO 33216 --- [restartedMain] o.h.e.t.j.p.i.JtaPlatformInitiator       : HHH000490: Using JtaPlatform implementation: [org.hibernate.engine.transaction.jta.platform.internal.NoJtaPlatform]
2023-09-04T19:06:32.513-03:00  INFO 33216 --- [restartedMain] j.LocalContainerEntityManagerFactoryBean : Initialized JPA EntityManagerFactory for persistence unit 'default'
2023-09-04T19:06:32.928-03:00  WARN 33216 --- [restartedMain] JpaBaseConfiguration$JpaWebConfiguration : spring.jpa.open-in-view is enabled by default. Therefore, database queries may be performed during view rendering. Explicitly configure spring.jpa.open-in-view to disable this warning
2023-09-04T19:06:33.038-03:00  INFO 33216 --- [restartedMain] o.s.s.web.DefaultSecurityFilterChain     : Will secure any request with [org.springframework.security.web.session.DisableEncodeUrlFilter@13505f68, org.springframework.security.web.context.request.async.WebAsyncManagerIntegrationFilter@4c43fdcd, org.springframework.security.web.context.SecurityContextHolderFilter@6625b1ab, org.springframework.security.web.header.HeaderWriterFilter@7452267f, org.springframework.web.filter.CorsFilter@2d3961a9, org.springframework.security.web.authentication.logout.LogoutFilter@1f80ab15, br.edu.utfpr.pb.pw26s.server.security.JWTAuthenticationFilter@33bb1e66, br.edu.utfpr.pb.pw26s.server.security.JWTAuthorizationFilter@2201ac66, org.springframework.security.web.savedrequest.RequestCacheAwareFilter@6135c033, org.springframework.security.web.servletapi.SecurityContextHolderAwareRequestFilter@475a7935, org.springframework.security.web.authentication.AnonymousAuthenticationFilter@717f907e, org.springframework.security.web.session.SessionManagementFilter@1f83fbd, org.springframework.security.web.access.ExceptionTranslationFilter@1f61c9ce, org.springframework.security.web.access.intercept.AuthorizationFilter@346d6433]
2023-09-04T19:06:33.596-03:00  INFO 33216 --- [restartedMain] o.s.b.d.a.OptionalLiveReloadServer       : LiveReload server is running on port 35729
2023-09-04T19:06:33.603-03:00  INFO 33216 --- [restartedMain] o.s.b.a.e.web.EndpointLinksResolver      : Exposing 15 endpoint(s) beneath base path '/actuator'
2023-09-04T19:06:33.688-03:00  INFO 33216 --- [restartedMain] o.s.b.w.embedded.tomcat.TomcatWebServer  : Tomcat started on port(s): 8080 (http) with context path ''
2023-09-04T19:06:33.704-03:00  INFO 33216 --- [restartedMain] b.e.u.pb.pw26s.server.ServerApplication  : Started ServerApplication in 4.953 seconds (process running for 5.629)
2023-09-04T19:06:33.785-03:00  WARN 33216 --- [registrationTask1] d.c.b.a.c.r.ApplicationRegistrator       : Failed to register application as Application(name=spring-boot-application, managementUrl=http://172.28.144.1:8080/actuator, healthUrl=http://172.28.144.1:8080/actuator/health, serviceUrl=http://172.28.144.1:8080/) at spring-boot-admin ([http://127.0.0.1:8081/instances]): I/O error on POST request for "http://127.0.0.1:8081/instances": Connection refused: no further information. Further attempts are logged on DEBUG level
2023-09-04T19:06:33.919-03:00  INFO 33216 --- [RMI TCP Connection(2)-172.28.144.1] o.a.c.c.C.[Tomcat].[localhost].[/]       : Initializing Spring DispatcherServlet 'dispatcherServlet'
2023-09-04T19:06:33.920-03:00  INFO 33216 --- [RMI TCP Connection(2)-172.28.144.1] o.s.web.servlet.DispatcherServlet        : Initializing Servlet 'dispatcherServlet'
2023-09-04T19:06:33.922-03:00  INFO 33216 --- [RMI TCP Connection(2)-172.28.144.1] o.s.web.servlet.DispatcherServlet        : Completed initialization in 1 ms
2023-09-04T19:11:55.830-03:00  INFO 33216 --- [SpringApplicationShutdownHook] j.LocalContainerEntityManagerFactoryBean : Closing JPA EntityManagerFactory for persistence unit 'default'
2023-09-04T19:11:56.223-03:00  WARN 33216 --- [SpringApplicationShutdownHook] o.s.b.f.support.DisposableBeanAdapter    : Invocation of destroy method failed on bean with name 'inMemoryDatabaseShutdownExecutor': org.h2.jdbc.JdbcSQLNonTransientConnectionException: Database is already closed (to disable automatic closing at VM shutdown, add ";DB_CLOSE_ON_EXIT=FALSE" to the db URL) [90121-214]
2023-09-04T19:11:56.225-03:00  INFO 33216 --- [SpringApplicationShutdownHook] com.zaxxer.hikari.HikariDataSource       : HikariPool-1 - Shutdown initiated...
2023-09-04T19:11:56.364-03:00  INFO 33216 --- [SpringApplicationShutdownHook] com.zaxxer.hikari.HikariDataSource       : HikariPool-1 - Shutdown completed.
2023-09-04T19:12:00.514-03:00  INFO 33832 --- [restartedMain] b.e.u.pb.pw26s.server.ServerApplication  : Starting ServerApplication using Java 17 with PID 33832 (D:\dev\utfpr\aulas\pw26s-2023-2\aula4\server\target\classes started by vinic in D:\dev\utfpr\aulas\pw26s-2023-2\aula4\server)
2023-09-04T19:12:00.518-03:00  INFO 33832 --- [restartedMain] b.e.u.pb.pw26s.server.ServerApplication  : The following 1 profile is active: "dev"
2023-09-04T19:12:00.580-03:00  INFO 33832 --- [restartedMain] .e.DevToolsPropertyDefaultsPostProcessor : Devtools property defaults active! Set 'spring.devtools.add-properties' to 'false' to disable
2023-09-04T19:12:00.580-03:00  INFO 33832 --- [restartedMain] .e.DevToolsPropertyDefaultsPostProcessor : For additional web related logging consider setting the 'logging.level.web' property to 'DEBUG'
2023-09-04T19:12:01.573-03:00  INFO 33832 --- [restartedMain] .s.d.r.c.RepositoryConfigurationDelegate : Bootstrapping Spring Data JPA repositories in DEFAULT mode.
2023-09-04T19:12:01.636-03:00  INFO 33832 --- [restartedMain] .s.d.r.c.RepositoryConfigurationDelegate : Finished Spring Data repository scanning in 57 ms. Found 4 JPA repository interfaces.
2023-09-04T19:12:02.157-03:00  INFO 33832 --- [restartedMain] o.s.b.w.embedded.tomcat.TomcatWebServer  : Tomcat initialized with port(s): 8080 (http)
2023-09-04T19:12:02.164-03:00  INFO 33832 --- [restartedMain] o.apache.catalina.core.StandardService   : Starting service [Tomcat]
2023-09-04T19:12:02.164-03:00  INFO 33832 --- [restartedMain] o.apache.catalina.core.StandardEngine    : Starting Servlet engine: [Apache Tomcat/10.1.11]
2023-09-04T19:12:02.216-03:00  INFO 33832 --- [restartedMain] o.a.c.c.C.[Tomcat].[localhost].[/]       : Initializing Spring embedded WebApplicationContext
2023-09-04T19:12:02.217-03:00  INFO 33832 --- [restartedMain] w.s.c.ServletWebServerApplicationContext : Root WebApplicationContext: initialization completed in 1636 ms
2023-09-04T19:12:02.291-03:00  INFO 33832 --- [restartedMain] com.zaxxer.hikari.HikariDataSource       : HikariPool-1 - Starting...
2023-09-04T19:12:02.452-03:00  INFO 33832 --- [restartedMain] com.zaxxer.hikari.pool.HikariPool        : HikariPool-1 - Added connection conn0: url=jdbc:h2:mem:pw26s-dev user=SA
2023-09-04T19:12:02.454-03:00  INFO 33832 --- [restartedMain] com.zaxxer.hikari.HikariDataSource       : HikariPool-1 - Start completed.
2023-09-04T19:12:02.463-03:00  INFO 33832 --- [restartedMain] o.s.b.a.h2.H2ConsoleAutoConfiguration    : H2 console available at '/h2-console'. Database available at 'jdbc:h2:mem:pw26s-dev'
2023-09-04T19:12:02.594-03:00  INFO 33832 --- [restartedMain] o.f.c.internal.license.VersionPrinter    : Flyway Community Edition 9.16.3 by Redgate
2023-09-04T19:12:02.594-03:00  INFO 33832 --- [restartedMain] o.f.c.internal.license.VersionPrinter    : See release notes here: https://rd.gt/416ObMi
2023-09-04T19:12:02.594-03:00  INFO 33832 --- [restartedMain] o.f.c.internal.license.VersionPrinter    : 
2023-09-04T19:12:02.606-03:00  INFO 33832 --- [restartedMain] o.f.c.i.database.base.BaseDatabaseType   : Database: jdbc:h2:mem:pw26s-dev (H2 2.1)
2023-09-04T19:12:02.652-03:00  INFO 33832 --- [restartedMain] o.f.c.i.s.JdbcTableSchemaHistory         : Schema history table "PUBLIC"."flyway_schema_history" does not exist yet
2023-09-04T19:12:02.657-03:00  INFO 33832 --- [restartedMain] o.f.core.internal.command.DbValidate     : Successfully validated 2 migrations (execution time 00:00.013s)
2023-09-04T19:12:02.664-03:00  INFO 33832 --- [restartedMain] o.f.c.i.s.JdbcTableSchemaHistory         : Creating Schema History table "PUBLIC"."flyway_schema_history" ...
2023-09-04T19:12:02.690-03:00  INFO 33832 --- [restartedMain] o.f.core.internal.command.DbMigrate      : Current version of schema "PUBLIC": << Empty Schema >>
2023-09-04T19:12:02.699-03:00  INFO 33832 --- [restartedMain] o.f.core.internal.command.DbMigrate      : Migrating schema "PUBLIC" to version "1.0 - Init"
2023-09-04T19:12:02.724-03:00  INFO 33832 --- [restartedMain] o.f.core.internal.command.DbMigrate      : Migrating schema "PUBLIC" to version "1.1 - Data"
2023-09-04T19:12:02.732-03:00  INFO 33832 --- [restartedMain] o.f.core.internal.command.DbMigrate      : Successfully applied 2 migrations to schema "PUBLIC", now at version v1.1 (execution time 00:00.045s)
2023-09-04T19:12:02.787-03:00  INFO 33832 --- [restartedMain] o.hibernate.jpa.internal.util.LogHelper  : HHH000204: Processing PersistenceUnitInfo [name: default]
2023-09-04T19:12:02.827-03:00  INFO 33832 --- [restartedMain] org.hibernate.Version                    : HHH000412: Hibernate ORM core version 6.2.6.Final
2023-09-04T19:12:02.829-03:00  INFO 33832 --- [restartedMain] org.hibernate.cfg.Environment            : HHH000406: Using bytecode reflection optimizer
2023-09-04T19:12:02.833-03:00  WARN 33832 --- [restartedMain] org.hibernate.orm.deprecation            : HHH90000021: Encountered deprecated setting [javax.persistence.validation.mode], use [jakarta.persistence.validation.mode] instead
2023-09-04T19:12:02.949-03:00  INFO 33832 --- [restartedMain] o.h.b.i.BytecodeProviderInitiator        : HHH000021: Bytecode provider name : bytebuddy
2023-09-04T19:12:03.053-03:00  INFO 33832 --- [restartedMain] o.s.o.j.p.SpringPersistenceUnitInfo      : No LoadTimeWeaver setup: ignoring JPA class transformer
2023-09-04T19:12:03.278-03:00  INFO 33832 --- [restartedMain] o.h.b.i.BytecodeProviderInitiator        : HHH000021: Bytecode provider name : bytebuddy
2023-09-04T19:12:03.810-03:00  INFO 33832 --- [restartedMain] o.h.e.t.j.p.i.JtaPlatformInitiator       : HHH000490: Using JtaPlatform implementation: [org.hibernate.engine.transaction.jta.platform.internal.NoJtaPlatform]
2023-09-04T19:12:03.813-03:00  INFO 33832 --- [restartedMain] j.LocalContainerEntityManagerFactoryBean : Initialized JPA EntityManagerFactory for persistence unit 'default'
2023-09-04T19:12:04.231-03:00  WARN 33832 --- [restartedMain] JpaBaseConfiguration$JpaWebConfiguration : spring.jpa.open-in-view is enabled by default. Therefore, database queries may be performed during view rendering. Explicitly configure spring.jpa.open-in-view to disable this warning
2023-09-04T19:12:04.333-03:00  INFO 33832 --- [restartedMain] o.s.s.web.DefaultSecurityFilterChain     : Will secure any request with [org.springframework.security.web.session.DisableEncodeUrlFilter@43f1efc7, org.springframework.security.web.context.request.async.WebAsyncManagerIntegrationFilter@44b1ebf0, org.springframework.security.web.context.SecurityContextHolderFilter@1c5a6f45, org.springframework.security.web.header.HeaderWriterFilter@5a81f91c, org.springframework.web.filter.CorsFilter@50d0a93b, org.springframework.security.web.authentication.logout.LogoutFilter@607a2291, br.edu.utfpr.pb.pw26s.server.security.JWTAuthenticationFilter@4cd3e98b, br.edu.utfpr.pb.pw26s.server.security.JWTAuthorizationFilter@10a801, org.springframework.security.web.savedrequest.RequestCacheAwareFilter@2ba1ccbf, org.springframework.security.web.servletapi.SecurityContextHolderAwareRequestFilter@88cd182, org.springframework.security.web.authentication.AnonymousAuthenticationFilter@4b353d98, org.springframework.security.web.session.SessionManagementFilter@dd842e9, org.springframework.security.web.access.ExceptionTranslationFilter@486d8826, org.springframework.security.web.access.intercept.AuthorizationFilter@5d9b4b92]
2023-09-04T19:12:04.848-03:00  INFO 33832 --- [restartedMain] o.s.b.d.a.OptionalLiveReloadServer       : LiveReload server is running on port 35729
2023-09-04T19:12:04.852-03:00  INFO 33832 --- [restartedMain] o.s.b.a.e.web.EndpointLinksResolver      : Exposing 15 endpoint(s) beneath base path '/actuator'
2023-09-04T19:12:04.917-03:00  INFO 33832 --- [restartedMain] o.s.b.w.embedded.tomcat.TomcatWebServer  : Tomcat started on port(s): 8080 (http) with context path ''
2023-09-04T19:12:04.931-03:00  INFO 33832 --- [restartedMain] b.e.u.pb.pw26s.server.ServerApplication  : Started ServerApplication in 4.861 seconds (process running for 5.527)
2023-09-04T19:12:05.000-03:00  WARN 33832 --- [registrationTask1] d.c.b.a.c.r.ApplicationRegistrator       : Failed to register application as Application(name=spring-boot-application, managementUrl=http://172.28.144.1:8080/actuator, healthUrl=http://172.28.144.1:8080/actuator/health, serviceUrl=http://172.28.144.1:8080/) at spring-boot-admin ([http://127.0.0.1:8081/instances]): I/O error on POST request for "http://127.0.0.1:8081/instances": Connection refused: no further information. Further attempts are logged on DEBUG level
2023-09-04T19:12:05.246-03:00  INFO 33832 --- [RMI TCP Connection(2)-172.28.144.1] o.a.c.c.C.[Tomcat].[localhost].[/]       : Initializing Spring DispatcherServlet 'dispatcherServlet'
2023-09-04T19:12:05.247-03:00  INFO 33832 --- [RMI TCP Connection(2)-172.28.144.1] o.s.web.servlet.DispatcherServlet        : Initializing Servlet 'dispatcherServlet'
2023-09-04T19:12:05.248-03:00  INFO 33832 --- [RMI TCP Connection(2)-172.28.144.1] o.s.web.servlet.DispatcherServlet        : Completed initialization in 1 ms
2023-09-04T19:52:13.802-03:00  INFO 33832 --- [SpringApplicationShutdownHook] j.LocalContainerEntityManagerFactoryBean : Closing JPA EntityManagerFactory for persistence unit 'default'
2023-09-04T19:52:14.207-03:00  WARN 33832 --- [SpringApplicationShutdownHook] o.s.b.f.support.DisposableBeanAdapter    : Invocation of destroy method failed on bean with name 'inMemoryDatabaseShutdownExecutor': org.h2.jdbc.JdbcSQLNonTransientConnectionException: Database is already closed (to disable automatic closing at VM shutdown, add ";DB_CLOSE_ON_EXIT=FALSE" to the db URL) [90121-214]
2023-09-04T19:52:14.208-03:00  INFO 33832 --- [SpringApplicationShutdownHook] com.zaxxer.hikari.HikariDataSource       : HikariPool-1 - Shutdown initiated...
2023-09-04T19:52:14.349-03:00  INFO 33832 --- [SpringApplicationShutdownHook] com.zaxxer.hikari.HikariDataSource       : HikariPool-1 - Shutdown completed.
