2023-09-11T18:45:20.994-03:00  INFO 32072 --- [restartedMain] b.e.u.pb.pw26s.server.ServerApplication  : Starting ServerApplication using Java 17 with PID 32072 (D:\dev\utfpr\aulas\pw26s-2023-2\aula5\server\target\classes started by vinic in D:\dev\utfpr\aulas\pw26s-2023-2\aula5\server)
2023-09-11T18:45:20.997-03:00  INFO 32072 --- [restartedMain] b.e.u.pb.pw26s.server.ServerApplication  : The following 1 profile is active: "dev"
2023-09-11T18:45:21.049-03:00  INFO 32072 --- [restartedMain] .e.DevToolsPropertyDefaultsPostProcessor : Devtools property defaults active! Set 'spring.devtools.add-properties' to 'false' to disable
2023-09-11T18:45:21.049-03:00  INFO 32072 --- [restartedMain] .e.DevToolsPropertyDefaultsPostProcessor : For additional web related logging consider setting the 'logging.level.web' property to 'DEBUG'
2023-09-11T18:45:22.154-03:00  INFO 32072 --- [restartedMain] .s.d.r.c.RepositoryConfigurationDelegate : Bootstrapping Spring Data JPA repositories in DEFAULT mode.
2023-09-11T18:45:22.216-03:00  INFO 32072 --- [restartedMain] .s.d.r.c.RepositoryConfigurationDelegate : Finished Spring Data repository scanning in 57 ms. Found 4 JPA repository interfaces.
2023-09-11T18:45:22.747-03:00  INFO 32072 --- [restartedMain] o.s.b.w.embedded.tomcat.TomcatWebServer  : Tomcat initialized with port(s): 8080 (http)
2023-09-11T18:45:22.755-03:00  INFO 32072 --- [restartedMain] o.apache.catalina.core.StandardService   : Starting service [Tomcat]
2023-09-11T18:45:22.755-03:00  INFO 32072 --- [restartedMain] o.apache.catalina.core.StandardEngine    : Starting Servlet engine: [Apache Tomcat/10.1.11]
2023-09-11T18:45:22.814-03:00  INFO 32072 --- [restartedMain] o.a.c.c.C.[Tomcat].[localhost].[/]       : Initializing Spring embedded WebApplicationContext
2023-09-11T18:45:22.815-03:00  INFO 32072 --- [restartedMain] w.s.c.ServletWebServerApplicationContext : Root WebApplicationContext: initialization completed in 1762 ms
2023-09-11T18:45:22.893-03:00  INFO 32072 --- [restartedMain] com.zaxxer.hikari.HikariDataSource       : HikariPool-1 - Starting...
2023-09-11T18:45:23.063-03:00  INFO 32072 --- [restartedMain] com.zaxxer.hikari.pool.HikariPool        : HikariPool-1 - Added connection conn0: url=jdbc:h2:mem:pw26s-dev user=SA
2023-09-11T18:45:23.065-03:00  INFO 32072 --- [restartedMain] com.zaxxer.hikari.HikariDataSource       : HikariPool-1 - Start completed.
2023-09-11T18:45:23.073-03:00  INFO 32072 --- [restartedMain] o.s.b.a.h2.H2ConsoleAutoConfiguration    : H2 console available at '/h2-console'. Database available at 'jdbc:h2:mem:pw26s-dev'
2023-09-11T18:45:23.201-03:00  INFO 32072 --- [restartedMain] o.f.c.internal.license.VersionPrinter    : Flyway Community Edition 9.16.3 by Redgate
2023-09-11T18:45:23.201-03:00  INFO 32072 --- [restartedMain] o.f.c.internal.license.VersionPrinter    : See release notes here: https://rd.gt/416ObMi
2023-09-11T18:45:23.201-03:00  INFO 32072 --- [restartedMain] o.f.c.internal.license.VersionPrinter    : 
2023-09-11T18:45:23.212-03:00  INFO 32072 --- [restartedMain] o.f.c.i.database.base.BaseDatabaseType   : Database: jdbc:h2:mem:pw26s-dev (H2 2.1)
2023-09-11T18:45:23.260-03:00  INFO 32072 --- [restartedMain] o.f.c.i.s.JdbcTableSchemaHistory         : Schema history table "PUBLIC"."flyway_schema_history" does not exist yet
2023-09-11T18:45:23.263-03:00  INFO 32072 --- [restartedMain] o.f.core.internal.command.DbValidate     : Successfully validated 2 migrations (execution time 00:00.013s)
2023-09-11T18:45:23.268-03:00  INFO 32072 --- [restartedMain] o.f.c.i.s.JdbcTableSchemaHistory         : Creating Schema History table "PUBLIC"."flyway_schema_history" ...
2023-09-11T18:45:23.292-03:00  INFO 32072 --- [restartedMain] o.f.core.internal.command.DbMigrate      : Current version of schema "PUBLIC": << Empty Schema >>
2023-09-11T18:45:23.299-03:00  INFO 32072 --- [restartedMain] o.f.core.internal.command.DbMigrate      : Migrating schema "PUBLIC" to version "1.0 - Init"
2023-09-11T18:45:23.319-03:00  INFO 32072 --- [restartedMain] o.f.core.internal.command.DbMigrate      : Migrating schema "PUBLIC" to version "1.1 - Data"
2023-09-11T18:45:23.331-03:00  INFO 32072 --- [restartedMain] o.f.core.internal.command.DbMigrate      : Successfully applied 2 migrations to schema "PUBLIC", now at version v1.1 (execution time 00:00.041s)
2023-09-11T18:45:23.397-03:00  INFO 32072 --- [restartedMain] o.hibernate.jpa.internal.util.LogHelper  : HHH000204: Processing PersistenceUnitInfo [name: default]
2023-09-11T18:45:23.444-03:00  INFO 32072 --- [restartedMain] org.hibernate.Version                    : HHH000412: Hibernate ORM core version 6.2.6.Final
2023-09-11T18:45:23.446-03:00  INFO 32072 --- [restartedMain] org.hibernate.cfg.Environment            : HHH000406: Using bytecode reflection optimizer
2023-09-11T18:45:23.451-03:00  WARN 32072 --- [restartedMain] org.hibernate.orm.deprecation            : HHH90000021: Encountered deprecated setting [javax.persistence.validation.mode], use [jakarta.persistence.validation.mode] instead
2023-09-11T18:45:23.563-03:00  INFO 32072 --- [restartedMain] o.h.b.i.BytecodeProviderInitiator        : HHH000021: Bytecode provider name : bytebuddy
2023-09-11T18:45:23.675-03:00  INFO 32072 --- [restartedMain] o.s.o.j.p.SpringPersistenceUnitInfo      : No LoadTimeWeaver setup: ignoring JPA class transformer
2023-09-11T18:45:23.908-03:00  INFO 32072 --- [restartedMain] o.h.b.i.BytecodeProviderInitiator        : HHH000021: Bytecode provider name : bytebuddy
2023-09-11T18:45:24.509-03:00  INFO 32072 --- [restartedMain] o.h.e.t.j.p.i.JtaPlatformInitiator       : HHH000490: Using JtaPlatform implementation: [org.hibernate.engine.transaction.jta.platform.internal.NoJtaPlatform]
2023-09-11T18:45:24.512-03:00  INFO 32072 --- [restartedMain] j.LocalContainerEntityManagerFactoryBean : Initialized JPA EntityManagerFactory for persistence unit 'default'
2023-09-11T18:45:24.986-03:00  WARN 32072 --- [restartedMain] JpaBaseConfiguration$JpaWebConfiguration : spring.jpa.open-in-view is enabled by default. Therefore, database queries may be performed during view rendering. Explicitly configure spring.jpa.open-in-view to disable this warning
2023-09-11T18:45:25.097-03:00  INFO 32072 --- [restartedMain] o.s.s.web.DefaultSecurityFilterChain     : Will secure any request with [org.springframework.security.web.session.DisableEncodeUrlFilter@5d8edd16, org.springframework.security.web.context.request.async.WebAsyncManagerIntegrationFilter@3feac0f, org.springframework.security.web.context.SecurityContextHolderFilter@1e15b2e, org.springframework.security.web.header.HeaderWriterFilter@661d3e46, org.springframework.web.filter.CorsFilter@48a7e65d, org.springframework.security.web.authentication.logout.LogoutFilter@19e1cb43, br.edu.utfpr.pb.pw26s.server.security.JWTAuthenticationFilter@200b5cc9, br.edu.utfpr.pb.pw26s.server.security.JWTAuthorizationFilter@bc643b3, org.springframework.security.web.savedrequest.RequestCacheAwareFilter@21b89fcd, org.springframework.security.web.servletapi.SecurityContextHolderAwareRequestFilter@3db4d7f, org.springframework.security.web.authentication.AnonymousAuthenticationFilter@7dae0810, org.springframework.security.web.session.SessionManagementFilter@26cf6be3, org.springframework.security.web.access.ExceptionTranslationFilter@465fee23, org.springframework.security.web.access.intercept.AuthorizationFilter@338da46c]
2023-09-11T18:45:25.650-03:00  INFO 32072 --- [restartedMain] o.s.b.d.a.OptionalLiveReloadServer       : LiveReload server is running on port 35729
2023-09-11T18:45:25.654-03:00  INFO 32072 --- [restartedMain] o.s.b.a.e.web.EndpointLinksResolver      : Exposing 15 endpoint(s) beneath base path '/actuator'
2023-09-11T18:45:25.721-03:00  INFO 32072 --- [restartedMain] o.s.b.w.embedded.tomcat.TomcatWebServer  : Tomcat started on port(s): 8080 (http) with context path ''
2023-09-11T18:45:25.735-03:00  INFO 32072 --- [restartedMain] b.e.u.pb.pw26s.server.ServerApplication  : Started ServerApplication in 5.172 seconds (process running for 5.961)
2023-09-11T18:45:25.843-03:00  WARN 32072 --- [registrationTask1] d.c.b.a.c.r.ApplicationRegistrator       : Failed to register application as Application(name=spring-boot-application, managementUrl=http://192.168.208.1:8080/actuator, healthUrl=http://192.168.208.1:8080/actuator/health, serviceUrl=http://192.168.208.1:8080/) at spring-boot-admin ([http://127.0.0.1:8081/instances]): I/O error on POST request for "http://127.0.0.1:8081/instances": Connection refused: no further information. Further attempts are logged on DEBUG level
2023-09-11T18:45:25.923-03:00  INFO 32072 --- [RMI TCP Connection(2)-192.168.208.1] o.a.c.c.C.[Tomcat].[localhost].[/]       : Initializing Spring DispatcherServlet 'dispatcherServlet'
2023-09-11T18:45:25.923-03:00  INFO 32072 --- [RMI TCP Connection(2)-192.168.208.1] o.s.web.servlet.DispatcherServlet        : Initializing Servlet 'dispatcherServlet'
2023-09-11T18:45:25.926-03:00  INFO 32072 --- [RMI TCP Connection(2)-192.168.208.1] o.s.web.servlet.DispatcherServlet        : Completed initialization in 3 ms
2023-09-11T18:52:59.696-03:00  INFO 32072 --- [http-nio-8080-exec-4] b.e.u.p.p.s.s.s.GoogleTokenVerifier      : Validating token: eyJhbGciOiJSUzI1NiIsImtpZCI6IjgzOGMwNmM2MjA0NmMyZDk0OGFmZmUxMzdkZDUzMTAxMjlmNGQ1ZDEiLCJ0eXAiOiJKV1QifQ.eyJpc3MiOiJodHRwczovL2FjY291bnRzLmdvb2dsZS5jb20iLCJhenAiOiIzMTAxMDk5MjM2NzQtbGE1dGhsNHM0dDBiMmFqcDZhY2RocTd0cmE3NGRuMzEuYXBwcy5nb29nbGV1c2VyY29udGVudC5jb20iLCJhdWQiOiIzMTAxMDk5MjM2NzQtbGE1dGhsNHM0dDBiMmFqcDZhY2RocTd0cmE3NGRuMzEuYXBwcy5nb29nbGV1c2VyY29udGVudC5jb20iLCJzdWIiOiIxMDE4Nzc3NDk4MTQ1NjA1NzM2MTUiLCJlbWFpbCI6InZpbmljaXVzcGVnb3JpbmlAZ21haWwuY29tIiwiZW1haWxfdmVyaWZpZWQiOnRydWUsIm5iZiI6MTY5NDQ2ODg4MCwibmFtZSI6IlZpbmljaXVzIFBlZ29yaW5pIiwicGljdHVyZSI6Imh0dHBzOi8vbGgzLmdvb2dsZXVzZXJjb250ZW50LmNvbS9hL0FDZzhvY0lUTG9pcG12ejQ2ZmplQ0VsUGZaS2R3YzFOSmJndWpFN0FsbjJQc0VGNjM1QT1zOTYtYyIsImdpdmVuX25hbWUiOiJWaW5pY2l1cyIsImZhbWlseV9uYW1lIjoiUGVnb3JpbmkiLCJsb2NhbGUiOiJwdC1CUiIsImlhdCI6MTY5NDQ2OTE4MCwiZXhwIjoxNjk0NDcyNzgwLCJqdGkiOiI3MmNmMDVhMzMwNmJhZDU2OWRmZjRjMTQ4YjIxYzQ3ZWNiMmM5NzEwIn0.MkKWSB0ZnvGQ3C9Xrnxt6jfwIWeN-N3i9IERuuA1r7FfTnxmV3-48d_jYGL9cKrAVb_s3n2Pq-asiURkeyh5Yh972nVD2Nb1KGpvWKyUlajL7iv-vXQpLZ_WKUGV2GPVAPo4Yjg7dsrBQnoobYdxcBwpDR9r2noZPGedefv59gVZPWvSbaKhwNFiiDJjCHwWzU-mZwUOjFA1gZ4r7xAXBJ14d4RFvjFFMmsBNVRgeCd-zJZbaRkCeYgaAtNW2lu2Tg1QbWVyEl-S5pmChUmYQK912NYjTobvJO4O7UNQEMDLXQmbg00USUnohXtiqrdx17gsMrCzgt8Ku6aLgfPoJQ
2023-09-11T19:09:46.450-03:00  INFO 32072 --- [http-nio-8080-exec-9] b.e.u.p.p.s.s.s.GoogleTokenVerifier      : Validating token: eyJhbGciOiJSUzI1NiIsImtpZCI6IjgzOGMwNmM2MjA0NmMyZDk0OGFmZmUxMzdkZDUzMTAxMjlmNGQ1ZDEiLCJ0eXAiOiJKV1QifQ.eyJpc3MiOiJodHRwczovL2FjY291bnRzLmdvb2dsZS5jb20iLCJhenAiOiIzMTAxMDk5MjM2NzQtbGE1dGhsNHM0dDBiMmFqcDZhY2RocTd0cmE3NGRuMzEuYXBwcy5nb29nbGV1c2VyY29udGVudC5jb20iLCJhdWQiOiIzMTAxMDk5MjM2NzQtbGE1dGhsNHM0dDBiMmFqcDZhY2RocTd0cmE3NGRuMzEuYXBwcy5nb29nbGV1c2VyY29udGVudC5jb20iLCJzdWIiOiIxMDE4Nzc3NDk4MTQ1NjA1NzM2MTUiLCJlbWFpbCI6InZpbmljaXVzcGVnb3JpbmlAZ21haWwuY29tIiwiZW1haWxfdmVyaWZpZWQiOnRydWUsIm5iZiI6MTY5NDQ2OTg4NiwibmFtZSI6IlZpbmljaXVzIFBlZ29yaW5pIiwicGljdHVyZSI6Imh0dHBzOi8vbGgzLmdvb2dsZXVzZXJjb250ZW50LmNvbS9hL0FDZzhvY0lUTG9pcG12ejQ2ZmplQ0VsUGZaS2R3YzFOSmJndWpFN0FsbjJQc0VGNjM1QT1zOTYtYyIsImdpdmVuX25hbWUiOiJWaW5pY2l1cyIsImZhbWlseV9uYW1lIjoiUGVnb3JpbmkiLCJsb2NhbGUiOiJwdC1CUiIsImlhdCI6MTY5NDQ3MDE4NiwiZXhwIjoxNjk0NDczNzg2LCJqdGkiOiJjNGUyYzI1YWJhNDY2OTY0ODk0ZTRiMzc3OTYxYWE1NmQxNDAxZjc3In0.A2ai5C7Z7RLmFTrmmpr8D8DG3PbZEW_hqHg5DFIxWYGKRhBSeT2ofyYStOuv43UMKs1VG5ZsKTmYqtcm3ulxHuZRc4dIrtWpCrqM75PVSTHkFS55svkJdH5QTXPwlkUFT1a6uikqBpuV050GblstS8m5EHb4Xr8ecN_F0j63lnQGf74fl1nti6rfxRNTY9cNZKGEmclf3QuwNY6kpHoQex-TUKNDKRJ9yNH2CkT726kzZIFZzdrQYkxUZ9AuWKQgIio7xyL9O3r1Vx6oEjS1xUJ05n8dLl8j39wRWrUcwGzoDBIOZ3WGIP8eRhQJiUxH0Nnmvh_mHtZD4O7RlkML5A
2023-09-11T19:09:53.356-03:00  INFO 32072 --- [http-nio-8080-exec-5] o.apache.tomcat.util.http.parser.Cookie  : A cookie header was received [g_state={"i_l":0}] that contained an invalid cookie. That cookie will be ignored.
 Note: further occurrences of this error will be logged at DEBUG level.
2023-09-11T19:21:25.064-03:00  INFO 32072 --- [http-nio-8080-exec-6] b.e.u.p.p.s.s.s.GoogleTokenVerifier      : Validating token: eyJhbGciOiJSUzI1NiIsImtpZCI6IjgzOGMwNmM2MjA0NmMyZDk0OGFmZmUxMzdkZDUzMTAxMjlmNGQ1ZDEiLCJ0eXAiOiJKV1QifQ.eyJpc3MiOiJodHRwczovL2FjY291bnRzLmdvb2dsZS5jb20iLCJuYmYiOjE2OTQ0NzA1ODUsImF1ZCI6IjMxMDEwOTkyMzY3NC1sYTV0aGw0czR0MGIyYWpwNmFjZGhxN3RyYTc0ZG4zMS5hcHBzLmdvb2dsZXVzZXJjb250ZW50LmNvbSIsInN1YiI6IjEwNjkyMzAxODQ1MjkxMDYzNjUxMCIsImVtYWlsIjoidmluaWNpdXNAdXRmcHIuZWR1LmJyIiwiZW1haWxfdmVyaWZpZWQiOnRydWUsImF6cCI6IjMxMDEwOTkyMzY3NC1sYTV0aGw0czR0MGIyYWpwNmFjZGhxN3RyYTc0ZG4zMS5hcHBzLmdvb2dsZXVzZXJjb250ZW50LmNvbSIsIm5hbWUiOiJWaW5pY2l1cyBQZWdvcmluaSIsInBpY3R1cmUiOiJodHRwczovL2xoMy5nb29nbGV1c2VyY29udGVudC5jb20vYS9BQ2c4b2NMRUJqS0RQbGtBbW9FTkREWXVzczhXclg5UThFam1rSVJoUGd2Vlp4M1pmdz1zOTYtYyIsImdpdmVuX25hbWUiOiJWaW5pY2l1cyIsImZhbWlseV9uYW1lIjoiUGVnb3JpbmkiLCJpYXQiOjE2OTQ0NzA4ODUsImV4cCI6MTY5NDQ3NDQ4NSwianRpIjoiNzZlZWE2NzY5MWExY2MwNWRmNWIyZWU3ODlkYjEzMDAwNzUwZTkyNyJ9.dzWMb5PyxV36dqemRBrXL79aO8TuhwXtG5UPOI-ZlH1hZBiLmMloYnZQB546LeRgFaqsam2VkfKW2Fhjjt722HPmENGt9rdVZx_J_AWWKkiYKEemPMugEvknC56pQl5HH45ACInG1nOcewzm2ElSdSKrCUnp2cwEi6TsGD319hU2VKiuusqAl_VB-LPSIpKpjfooAhK-QPBKgHT3NNjqvv6q59iLXs5xUbNQql6xMDmxmWPmWxVJZ5VSfny_wK9HqKZNdXvO_FEOe1fEwABuofHHlEMSE5iLkYyH9Ff_-z7VB9pWobpmGVMOS0fODvQ6XD9etaac_ki8cw6yqRh7rw
2023-09-11T19:25:58.850-03:00  INFO 32072 --- [SpringApplicationShutdownHook] j.LocalContainerEntityManagerFactoryBean : Closing JPA EntityManagerFactory for persistence unit 'default'
2023-09-11T19:25:59.233-03:00  WARN 32072 --- [SpringApplicationShutdownHook] o.s.b.f.support.DisposableBeanAdapter    : Invocation of destroy method failed on bean with name 'inMemoryDatabaseShutdownExecutor': org.h2.jdbc.JdbcSQLNonTransientConnectionException: Database is already closed (to disable automatic closing at VM shutdown, add ";DB_CLOSE_ON_EXIT=FALSE" to the db URL) [90121-214]
2023-09-11T19:25:59.234-03:00  INFO 32072 --- [SpringApplicationShutdownHook] com.zaxxer.hikari.HikariDataSource       : HikariPool-1 - Shutdown initiated...
2023-09-11T19:25:59.391-03:00  INFO 32072 --- [SpringApplicationShutdownHook] com.zaxxer.hikari.HikariDataSource       : HikariPool-1 - Shutdown completed.
