2023-08-28T19:13:59.247-03:00  INFO 23480 --- [restartedMain] b.e.u.pb.pw26s.server.ServerApplication  : Starting ServerApplication using Java 17 with PID 23480 (D:\dev\utfpr\aulas\pw26s-2023-2\aula3\server\target\classes started by vinic in D:\dev\utfpr\aulas\pw26s-2023-2\aula3\server)
2023-08-28T19:13:59.250-03:00  INFO 23480 --- [restartedMain] b.e.u.pb.pw26s.server.ServerApplication  : The following 1 profile is active: "dev"
2023-08-28T19:13:59.319-03:00  INFO 23480 --- [restartedMain] .e.DevToolsPropertyDefaultsPostProcessor : Devtools property defaults active! Set 'spring.devtools.add-properties' to 'false' to disable
2023-08-28T19:13:59.320-03:00  INFO 23480 --- [restartedMain] .e.DevToolsPropertyDefaultsPostProcessor : For additional web related logging consider setting the 'logging.level.web' property to 'DEBUG'
2023-08-28T19:14:00.630-03:00  INFO 23480 --- [restartedMain] .s.d.r.c.RepositoryConfigurationDelegate : Bootstrapping Spring Data JPA repositories in DEFAULT mode.
2023-08-28T19:14:00.693-03:00  INFO 23480 --- [restartedMain] .s.d.r.c.RepositoryConfigurationDelegate : Finished Spring Data repository scanning in 57 ms. Found 4 JPA repository interfaces.
2023-08-28T19:14:01.363-03:00  INFO 23480 --- [restartedMain] o.s.b.w.embedded.tomcat.TomcatWebServer  : Tomcat initialized with port(s): 8080 (http)
2023-08-28T19:14:01.376-03:00  INFO 23480 --- [restartedMain] o.apache.catalina.core.StandardService   : Starting service [Tomcat]
2023-08-28T19:14:01.376-03:00  INFO 23480 --- [restartedMain] o.apache.catalina.core.StandardEngine    : Starting Servlet engine: [Apache Tomcat/10.1.11]
2023-08-28T19:14:01.470-03:00  INFO 23480 --- [restartedMain] o.a.c.c.C.[Tomcat].[localhost].[/]       : Initializing Spring embedded WebApplicationContext
2023-08-28T19:14:01.471-03:00  INFO 23480 --- [restartedMain] w.s.c.ServletWebServerApplicationContext : Root WebApplicationContext: initialization completed in 2147 ms
2023-08-28T19:14:01.625-03:00  INFO 23480 --- [restartedMain] com.zaxxer.hikari.HikariDataSource       : HikariPool-1 - Starting...
2023-08-28T19:14:01.863-03:00  INFO 23480 --- [restartedMain] com.zaxxer.hikari.pool.HikariPool        : HikariPool-1 - Added connection conn0: url=jdbc:h2:mem:pw26s-dev user=SA
2023-08-28T19:14:01.865-03:00  INFO 23480 --- [restartedMain] com.zaxxer.hikari.HikariDataSource       : HikariPool-1 - Start completed.
2023-08-28T19:14:01.878-03:00  INFO 23480 --- [restartedMain] o.s.b.a.h2.H2ConsoleAutoConfiguration    : H2 console available at '/h2-console'. Database available at 'jdbc:h2:mem:pw26s-dev'
2023-08-28T19:14:02.045-03:00  INFO 23480 --- [restartedMain] o.f.c.internal.license.VersionPrinter    : Flyway Community Edition 9.16.3 by Redgate
2023-08-28T19:14:02.045-03:00  INFO 23480 --- [restartedMain] o.f.c.internal.license.VersionPrinter    : See release notes here: https://rd.gt/416ObMi
2023-08-28T19:14:02.045-03:00  INFO 23480 --- [restartedMain] o.f.c.internal.license.VersionPrinter    : 
2023-08-28T19:14:02.057-03:00  INFO 23480 --- [restartedMain] o.f.c.i.database.base.BaseDatabaseType   : Database: jdbc:h2:mem:pw26s-dev (H2 2.1)
2023-08-28T19:14:02.130-03:00  INFO 23480 --- [restartedMain] o.f.c.i.s.JdbcTableSchemaHistory         : Schema history table "PUBLIC"."flyway_schema_history" does not exist yet
2023-08-28T19:14:02.133-03:00  INFO 23480 --- [restartedMain] o.f.core.internal.command.DbValidate     : Successfully validated 2 migrations (execution time 00:00.030s)
2023-08-28T19:14:02.140-03:00  INFO 23480 --- [restartedMain] o.f.c.i.s.JdbcTableSchemaHistory         : Creating Schema History table "PUBLIC"."flyway_schema_history" ...
2023-08-28T19:14:02.163-03:00  INFO 23480 --- [restartedMain] o.f.core.internal.command.DbMigrate      : Current version of schema "PUBLIC": << Empty Schema >>
2023-08-28T19:14:02.169-03:00  INFO 23480 --- [restartedMain] o.f.core.internal.command.DbMigrate      : Migrating schema "PUBLIC" to version "1.0 - Init"
2023-08-28T19:14:02.190-03:00  INFO 23480 --- [restartedMain] o.f.core.internal.command.DbMigrate      : Migrating schema "PUBLIC" to version "1.1 - Data"
2023-08-28T19:14:02.198-03:00  INFO 23480 --- [restartedMain] o.f.core.internal.command.DbMigrate      : Successfully applied 2 migrations to schema "PUBLIC", now at version v1.1 (execution time 00:00.037s)
2023-08-28T19:14:02.259-03:00  INFO 23480 --- [restartedMain] o.hibernate.jpa.internal.util.LogHelper  : HHH000204: Processing PersistenceUnitInfo [name: default]
2023-08-28T19:14:02.307-03:00  INFO 23480 --- [restartedMain] org.hibernate.Version                    : HHH000412: Hibernate ORM core version 6.2.6.Final
2023-08-28T19:14:02.308-03:00  INFO 23480 --- [restartedMain] org.hibernate.cfg.Environment            : HHH000406: Using bytecode reflection optimizer
2023-08-28T19:14:02.314-03:00  WARN 23480 --- [restartedMain] org.hibernate.orm.deprecation            : HHH90000021: Encountered deprecated setting [javax.persistence.validation.mode], use [jakarta.persistence.validation.mode] instead
2023-08-28T19:14:02.444-03:00  INFO 23480 --- [restartedMain] o.h.b.i.BytecodeProviderInitiator        : HHH000021: Bytecode provider name : bytebuddy
2023-08-28T19:14:02.551-03:00  INFO 23480 --- [restartedMain] o.s.o.j.p.SpringPersistenceUnitInfo      : No LoadTimeWeaver setup: ignoring JPA class transformer
2023-08-28T19:14:02.778-03:00  INFO 23480 --- [restartedMain] o.h.b.i.BytecodeProviderInitiator        : HHH000021: Bytecode provider name : bytebuddy
2023-08-28T19:14:03.333-03:00  INFO 23480 --- [restartedMain] o.h.e.t.j.p.i.JtaPlatformInitiator       : HHH000490: Using JtaPlatform implementation: [org.hibernate.engine.transaction.jta.platform.internal.NoJtaPlatform]
2023-08-28T19:14:03.336-03:00  INFO 23480 --- [restartedMain] j.LocalContainerEntityManagerFactoryBean : Initialized JPA EntityManagerFactory for persistence unit 'default'
2023-08-28T19:14:03.805-03:00  INFO 23480 --- [restartedMain] o.s.b.a.e.web.EndpointLinksResolver      : Exposing 15 endpoint(s) beneath base path '/actuator'
2023-08-28T19:14:03.957-03:00  WARN 23480 --- [restartedMain] JpaBaseConfiguration$JpaWebConfiguration : spring.jpa.open-in-view is enabled by default. Therefore, database queries may be performed during view rendering. Explicitly configure spring.jpa.open-in-view to disable this warning
2023-08-28T19:14:04.084-03:00  INFO 23480 --- [restartedMain] o.s.s.web.DefaultSecurityFilterChain     : Will secure any request with [org.springframework.security.web.session.DisableEncodeUrlFilter@7be44103, org.springframework.security.web.context.request.async.WebAsyncManagerIntegrationFilter@32dff674, org.springframework.security.web.context.SecurityContextHolderFilter@71051698, org.springframework.security.web.header.HeaderWriterFilter@70ead36, org.springframework.security.web.authentication.logout.LogoutFilter@7703480, br.edu.utfpr.pb.pw26s.server.security.JWTAuthenticationFilter@683ae97b, br.edu.utfpr.pb.pw26s.server.security.JWTAuthorizationFilter@7cb36603, org.springframework.security.web.savedrequest.RequestCacheAwareFilter@319f7a7a, org.springframework.security.web.servletapi.SecurityContextHolderAwareRequestFilter@52f3d6b7, org.springframework.security.web.authentication.AnonymousAuthenticationFilter@2506dccf, org.springframework.security.web.session.SessionManagementFilter@79f74056, org.springframework.security.web.access.ExceptionTranslationFilter@2d253e24, org.springframework.security.web.access.intercept.AuthorizationFilter@6f64c2c1]
2023-08-28T19:14:04.666-03:00  INFO 23480 --- [restartedMain] o.s.b.d.a.OptionalLiveReloadServer       : LiveReload server is running on port 35729
2023-08-28T19:14:04.750-03:00  INFO 23480 --- [restartedMain] o.s.b.w.embedded.tomcat.TomcatWebServer  : Tomcat started on port(s): 8080 (http) with context path ''
2023-08-28T19:14:04.767-03:00  INFO 23480 --- [restartedMain] b.e.u.pb.pw26s.server.ServerApplication  : Started ServerApplication in 5.993 seconds (process running for 6.772)
2023-08-28T19:14:04.862-03:00  WARN 23480 --- [registrationTask1] d.c.b.a.c.r.ApplicationRegistrator       : Failed to register application as Application(name=spring-boot-application, managementUrl=http://172.28.144.1:8080/actuator, healthUrl=http://172.28.144.1:8080/actuator/health, serviceUrl=http://172.28.144.1:8080/) at spring-boot-admin ([http://127.0.0.1:8081/instances]): I/O error on POST request for "http://127.0.0.1:8081/instances": Connection refused: no further information. Further attempts are logged on DEBUG level
2023-08-28T19:14:05.148-03:00  INFO 23480 --- [RMI TCP Connection(3)-172.28.144.1] o.a.c.c.C.[Tomcat].[localhost].[/]       : Initializing Spring DispatcherServlet 'dispatcherServlet'
2023-08-28T19:14:05.148-03:00  INFO 23480 --- [RMI TCP Connection(3)-172.28.144.1] o.s.web.servlet.DispatcherServlet        : Initializing Servlet 'dispatcherServlet'
2023-08-28T19:14:05.151-03:00  INFO 23480 --- [RMI TCP Connection(3)-172.28.144.1] o.s.web.servlet.DispatcherServlet        : Completed initialization in 1 ms
2023-08-28T19:23:40.389-03:00  INFO 23480 --- [SpringApplicationShutdownHook] j.LocalContainerEntityManagerFactoryBean : Closing JPA EntityManagerFactory for persistence unit 'default'
2023-08-28T19:23:40.788-03:00  WARN 23480 --- [SpringApplicationShutdownHook] o.s.b.f.support.DisposableBeanAdapter    : Invocation of destroy method failed on bean with name 'inMemoryDatabaseShutdownExecutor': org.h2.jdbc.JdbcSQLNonTransientConnectionException: Database is already closed (to disable automatic closing at VM shutdown, add ";DB_CLOSE_ON_EXIT=FALSE" to the db URL) [90121-214]
2023-08-28T19:23:40.790-03:00  INFO 23480 --- [SpringApplicationShutdownHook] com.zaxxer.hikari.HikariDataSource       : HikariPool-1 - Shutdown initiated...
2023-08-28T19:23:40.930-03:00  INFO 23480 --- [SpringApplicationShutdownHook] com.zaxxer.hikari.HikariDataSource       : HikariPool-1 - Shutdown completed.
2023-08-28T19:23:45.642-03:00  INFO 4776 --- [restartedMain] b.e.u.pb.pw26s.server.ServerApplication  : Starting ServerApplication using Java 17 with PID 4776 (D:\dev\utfpr\aulas\pw26s-2023-2\aula3\server\target\classes started by vinic in D:\dev\utfpr\aulas\pw26s-2023-2\aula3\server)
2023-08-28T19:23:45.644-03:00  INFO 4776 --- [restartedMain] b.e.u.pb.pw26s.server.ServerApplication  : The following 1 profile is active: "dev"
2023-08-28T19:23:45.686-03:00  INFO 4776 --- [restartedMain] .e.DevToolsPropertyDefaultsPostProcessor : Devtools property defaults active! Set 'spring.devtools.add-properties' to 'false' to disable
2023-08-28T19:23:45.687-03:00  INFO 4776 --- [restartedMain] .e.DevToolsPropertyDefaultsPostProcessor : For additional web related logging consider setting the 'logging.level.web' property to 'DEBUG'
2023-08-28T19:23:46.839-03:00  INFO 4776 --- [restartedMain] .s.d.r.c.RepositoryConfigurationDelegate : Bootstrapping Spring Data JPA repositories in DEFAULT mode.
2023-08-28T19:23:46.912-03:00  INFO 4776 --- [restartedMain] .s.d.r.c.RepositoryConfigurationDelegate : Finished Spring Data repository scanning in 66 ms. Found 4 JPA repository interfaces.
2023-08-28T19:23:47.429-03:00  INFO 4776 --- [restartedMain] o.s.b.w.embedded.tomcat.TomcatWebServer  : Tomcat initialized with port(s): 8080 (http)
2023-08-28T19:23:47.435-03:00  INFO 4776 --- [restartedMain] o.apache.catalina.core.StandardService   : Starting service [Tomcat]
2023-08-28T19:23:47.436-03:00  INFO 4776 --- [restartedMain] o.apache.catalina.core.StandardEngine    : Starting Servlet engine: [Apache Tomcat/10.1.11]
2023-08-28T19:23:47.487-03:00  INFO 4776 --- [restartedMain] o.a.c.c.C.[Tomcat].[localhost].[/]       : Initializing Spring embedded WebApplicationContext
2023-08-28T19:23:47.488-03:00  INFO 4776 --- [restartedMain] w.s.c.ServletWebServerApplicationContext : Root WebApplicationContext: initialization completed in 1801 ms
2023-08-28T19:23:47.559-03:00  INFO 4776 --- [restartedMain] com.zaxxer.hikari.HikariDataSource       : HikariPool-1 - Starting...
2023-08-28T19:23:47.722-03:00  INFO 4776 --- [restartedMain] com.zaxxer.hikari.pool.HikariPool        : HikariPool-1 - Added connection conn0: url=jdbc:h2:mem:pw26s-dev user=SA
2023-08-28T19:23:47.723-03:00  INFO 4776 --- [restartedMain] com.zaxxer.hikari.HikariDataSource       : HikariPool-1 - Start completed.
2023-08-28T19:23:47.732-03:00  INFO 4776 --- [restartedMain] o.s.b.a.h2.H2ConsoleAutoConfiguration    : H2 console available at '/h2-console'. Database available at 'jdbc:h2:mem:pw26s-dev'
2023-08-28T19:23:47.860-03:00  INFO 4776 --- [restartedMain] o.f.c.internal.license.VersionPrinter    : Flyway Community Edition 9.16.3 by Redgate
2023-08-28T19:23:47.860-03:00  INFO 4776 --- [restartedMain] o.f.c.internal.license.VersionPrinter    : See release notes here: https://rd.gt/416ObMi
2023-08-28T19:23:47.860-03:00  INFO 4776 --- [restartedMain] o.f.c.internal.license.VersionPrinter    : 
2023-08-28T19:23:47.871-03:00  INFO 4776 --- [restartedMain] o.f.c.i.database.base.BaseDatabaseType   : Database: jdbc:h2:mem:pw26s-dev (H2 2.1)
2023-08-28T19:23:47.925-03:00  INFO 4776 --- [restartedMain] o.f.c.i.s.JdbcTableSchemaHistory         : Schema history table "PUBLIC"."flyway_schema_history" does not exist yet
2023-08-28T19:23:47.929-03:00  INFO 4776 --- [restartedMain] o.f.core.internal.command.DbValidate     : Successfully validated 2 migrations (execution time 00:00.015s)
2023-08-28T19:23:47.934-03:00  INFO 4776 --- [restartedMain] o.f.c.i.s.JdbcTableSchemaHistory         : Creating Schema History table "PUBLIC"."flyway_schema_history" ...
2023-08-28T19:23:47.959-03:00  INFO 4776 --- [restartedMain] o.f.core.internal.command.DbMigrate      : Current version of schema "PUBLIC": << Empty Schema >>
2023-08-28T19:23:47.966-03:00  INFO 4776 --- [restartedMain] o.f.core.internal.command.DbMigrate      : Migrating schema "PUBLIC" to version "1.0 - Init"
2023-08-28T19:23:47.991-03:00  INFO 4776 --- [restartedMain] o.f.core.internal.command.DbMigrate      : Migrating schema "PUBLIC" to version "1.1 - Data"
2023-08-28T19:23:48.001-03:00  INFO 4776 --- [restartedMain] o.f.core.internal.command.DbMigrate      : Successfully applied 2 migrations to schema "PUBLIC", now at version v1.1 (execution time 00:00.045s)
2023-08-28T19:23:48.057-03:00  INFO 4776 --- [restartedMain] o.hibernate.jpa.internal.util.LogHelper  : HHH000204: Processing PersistenceUnitInfo [name: default]
2023-08-28T19:23:48.096-03:00  INFO 4776 --- [restartedMain] org.hibernate.Version                    : HHH000412: Hibernate ORM core version 6.2.6.Final
2023-08-28T19:23:48.098-03:00  INFO 4776 --- [restartedMain] org.hibernate.cfg.Environment            : HHH000406: Using bytecode reflection optimizer
2023-08-28T19:23:48.102-03:00  WARN 4776 --- [restartedMain] org.hibernate.orm.deprecation            : HHH90000021: Encountered deprecated setting [javax.persistence.validation.mode], use [jakarta.persistence.validation.mode] instead
2023-08-28T19:23:48.219-03:00  INFO 4776 --- [restartedMain] o.h.b.i.BytecodeProviderInitiator        : HHH000021: Bytecode provider name : bytebuddy
2023-08-28T19:23:48.325-03:00  INFO 4776 --- [restartedMain] o.s.o.j.p.SpringPersistenceUnitInfo      : No LoadTimeWeaver setup: ignoring JPA class transformer
2023-08-28T19:23:48.550-03:00  INFO 4776 --- [restartedMain] o.h.b.i.BytecodeProviderInitiator        : HHH000021: Bytecode provider name : bytebuddy
2023-08-28T19:23:49.084-03:00  INFO 4776 --- [restartedMain] o.h.e.t.j.p.i.JtaPlatformInitiator       : HHH000490: Using JtaPlatform implementation: [org.hibernate.engine.transaction.jta.platform.internal.NoJtaPlatform]
2023-08-28T19:23:49.087-03:00  INFO 4776 --- [restartedMain] j.LocalContainerEntityManagerFactoryBean : Initialized JPA EntityManagerFactory for persistence unit 'default'
2023-08-28T19:23:49.518-03:00  INFO 4776 --- [restartedMain] o.s.b.a.e.web.EndpointLinksResolver      : Exposing 15 endpoint(s) beneath base path '/actuator'
2023-08-28T19:23:49.640-03:00  WARN 4776 --- [restartedMain] JpaBaseConfiguration$JpaWebConfiguration : spring.jpa.open-in-view is enabled by default. Therefore, database queries may be performed during view rendering. Explicitly configure spring.jpa.open-in-view to disable this warning
2023-08-28T19:23:49.741-03:00  INFO 4776 --- [restartedMain] o.s.s.web.DefaultSecurityFilterChain     : Will secure any request with [org.springframework.security.web.session.DisableEncodeUrlFilter@590eb7b5, org.springframework.security.web.context.request.async.WebAsyncManagerIntegrationFilter@776d8a6b, org.springframework.security.web.context.SecurityContextHolderFilter@1c3ef26b, org.springframework.security.web.header.HeaderWriterFilter@7bd34cbd, org.springframework.security.web.authentication.logout.LogoutFilter@663baaa6, br.edu.utfpr.pb.pw26s.server.security.JWTAuthenticationFilter@1ba10927, br.edu.utfpr.pb.pw26s.server.security.JWTAuthorizationFilter@2cd431fc, org.springframework.security.web.savedrequest.RequestCacheAwareFilter@32cbd73, org.springframework.security.web.servletapi.SecurityContextHolderAwareRequestFilter@13bde6a7, org.springframework.security.web.authentication.AnonymousAuthenticationFilter@cb88cc, org.springframework.security.web.session.SessionManagementFilter@1035650f, org.springframework.security.web.access.ExceptionTranslationFilter@6a9bd498, org.springframework.security.web.access.intercept.AuthorizationFilter@2011cb94]
2023-08-28T19:23:50.122-03:00  INFO 4776 --- [restartedMain] o.s.b.d.a.OptionalLiveReloadServer       : LiveReload server is running on port 35729
2023-08-28T19:23:50.183-03:00  INFO 4776 --- [restartedMain] o.s.b.w.embedded.tomcat.TomcatWebServer  : Tomcat started on port(s): 8080 (http) with context path ''
2023-08-28T19:23:50.197-03:00  INFO 4776 --- [restartedMain] b.e.u.pb.pw26s.server.ServerApplication  : Started ServerApplication in 5.053 seconds (process running for 5.738)
2023-08-28T19:23:50.264-03:00  WARN 4776 --- [registrationTask1] d.c.b.a.c.r.ApplicationRegistrator       : Failed to register application as Application(name=spring-boot-application, managementUrl=http://172.28.144.1:8080/actuator, healthUrl=http://172.28.144.1:8080/actuator/health, serviceUrl=http://172.28.144.1:8080/) at spring-boot-admin ([http://127.0.0.1:8081/instances]): I/O error on POST request for "http://127.0.0.1:8081/instances": Connection refused: no further information. Further attempts are logged on DEBUG level
2023-08-28T19:23:50.760-03:00  INFO 4776 --- [RMI TCP Connection(2)-172.28.144.1] o.a.c.c.C.[Tomcat].[localhost].[/]       : Initializing Spring DispatcherServlet 'dispatcherServlet'
2023-08-28T19:23:50.760-03:00  INFO 4776 --- [RMI TCP Connection(2)-172.28.144.1] o.s.web.servlet.DispatcherServlet        : Initializing Servlet 'dispatcherServlet'
2023-08-28T19:23:50.762-03:00  INFO 4776 --- [RMI TCP Connection(2)-172.28.144.1] o.s.web.servlet.DispatcherServlet        : Completed initialization in 2 ms
2023-08-28T19:25:01.283-03:00  INFO 4776 --- [http-nio-8080-exec-1] b.e.u.p.p.s.controller.UserController    : Creating new user with username: V1nicius
2023-08-28T19:25:01.413-03:00  INFO 4776 --- [http-nio-8080-exec-1] b.e.u.p.p.s.controller.UserController    : New user created with id: 4
2023-08-28T19:25:57.923-03:00  WARN 4776 --- [http-nio-8080-exec-5] o.s.c.s.ResourceBundleMessageSource      : ResourceBundle [messages/messages] not found for MessageSource: Can't find bundle for base name messages/messages, locale en_US
2023-08-28T19:36:03.781-03:00  INFO 4776 --- [SpringApplicationShutdownHook] j.LocalContainerEntityManagerFactoryBean : Closing JPA EntityManagerFactory for persistence unit 'default'
2023-08-28T19:36:04.187-03:00  WARN 4776 --- [SpringApplicationShutdownHook] o.s.b.f.support.DisposableBeanAdapter    : Invocation of destroy method failed on bean with name 'inMemoryDatabaseShutdownExecutor': org.h2.jdbc.JdbcSQLNonTransientConnectionException: Database is already closed (to disable automatic closing at VM shutdown, add ";DB_CLOSE_ON_EXIT=FALSE" to the db URL) [90121-214]
2023-08-28T19:36:04.190-03:00  INFO 4776 --- [SpringApplicationShutdownHook] com.zaxxer.hikari.HikariDataSource       : HikariPool-1 - Shutdown initiated...
2023-08-28T19:36:04.199-03:00  INFO 4776 --- [SpringApplicationShutdownHook] com.zaxxer.hikari.HikariDataSource       : HikariPool-1 - Shutdown completed.
