2023-10-09T15:36:47.535-03:00  INFO 38420 --- [restartedMain] b.e.u.pb.pw26s.server.ServerApplication  : Starting ServerApplication using Java 17 with PID 38420 (D:\dev\utfpr\aulas\pw26s-2023-2\aula9\server\target\classes started by vinic in D:\dev\utfpr\aulas\pw26s-2023-2\aula9\server)
2023-10-09T15:36:47.540-03:00  INFO 38420 --- [restartedMain] b.e.u.pb.pw26s.server.ServerApplication  : The following 1 profile is active: "dev"
2023-10-09T15:36:47.623-03:00  INFO 38420 --- [restartedMain] .e.DevToolsPropertyDefaultsPostProcessor : Devtools property defaults active! Set 'spring.devtools.add-properties' to 'false' to disable
2023-10-09T15:36:47.623-03:00  INFO 38420 --- [restartedMain] .e.DevToolsPropertyDefaultsPostProcessor : For additional web related logging consider setting the 'logging.level.web' property to 'DEBUG'
2023-10-09T15:36:49.456-03:00  INFO 38420 --- [restartedMain] .s.d.r.c.RepositoryConfigurationDelegate : Bootstrapping Spring Data JPA repositories in DEFAULT mode.
2023-10-09T15:36:49.546-03:00  INFO 38420 --- [restartedMain] .s.d.r.c.RepositoryConfigurationDelegate : Finished Spring Data repository scanning in 82 ms. Found 4 JPA repository interfaces.
2023-10-09T15:36:50.569-03:00  INFO 38420 --- [restartedMain] o.s.b.w.embedded.tomcat.TomcatWebServer  : Tomcat initialized with port(s): 8080 (http)
2023-10-09T15:36:50.583-03:00  INFO 38420 --- [restartedMain] o.apache.catalina.core.StandardService   : Starting service [Tomcat]
2023-10-09T15:36:50.584-03:00  INFO 38420 --- [restartedMain] o.apache.catalina.core.StandardEngine    : Starting Servlet engine: [Apache Tomcat/10.1.11]
2023-10-09T15:36:50.674-03:00  INFO 38420 --- [restartedMain] o.a.c.c.C.[Tomcat].[localhost].[/]       : Initializing Spring embedded WebApplicationContext
2023-10-09T15:36:50.675-03:00  INFO 38420 --- [restartedMain] w.s.c.ServletWebServerApplicationContext : Root WebApplicationContext: initialization completed in 3049 ms
2023-10-09T15:36:50.860-03:00  INFO 38420 --- [restartedMain] com.zaxxer.hikari.HikariDataSource       : HikariPool-1 - Starting...
2023-10-09T15:36:51.153-03:00  INFO 38420 --- [restartedMain] com.zaxxer.hikari.pool.HikariPool        : HikariPool-1 - Added connection conn0: url=jdbc:h2:mem:pw26s-dev user=SA
2023-10-09T15:36:51.157-03:00  INFO 38420 --- [restartedMain] com.zaxxer.hikari.HikariDataSource       : HikariPool-1 - Start completed.
2023-10-09T15:36:51.169-03:00  INFO 38420 --- [restartedMain] o.s.b.a.h2.H2ConsoleAutoConfiguration    : H2 console available at '/h2-console'. Database available at 'jdbc:h2:mem:pw26s-dev'
2023-10-09T15:36:51.400-03:00  INFO 38420 --- [restartedMain] o.f.c.internal.license.VersionPrinter    : Flyway Community Edition 9.16.3 by Redgate
2023-10-09T15:36:51.400-03:00  INFO 38420 --- [restartedMain] o.f.c.internal.license.VersionPrinter    : See release notes here: https://rd.gt/416ObMi
2023-10-09T15:36:51.400-03:00  INFO 38420 --- [restartedMain] o.f.c.internal.license.VersionPrinter    : 
2023-10-09T15:36:51.421-03:00  INFO 38420 --- [restartedMain] o.f.c.i.database.base.BaseDatabaseType   : Database: jdbc:h2:mem:pw26s-dev (H2 2.1)
2023-10-09T15:36:51.497-03:00  INFO 38420 --- [restartedMain] o.f.c.i.s.JdbcTableSchemaHistory         : Schema history table "PUBLIC"."flyway_schema_history" does not exist yet
2023-10-09T15:36:51.501-03:00  INFO 38420 --- [restartedMain] o.f.core.internal.command.DbValidate     : Successfully validated 2 migrations (execution time 00:00.028s)
2023-10-09T15:36:51.508-03:00  INFO 38420 --- [restartedMain] o.f.c.i.s.JdbcTableSchemaHistory         : Creating Schema History table "PUBLIC"."flyway_schema_history" ...
2023-10-09T15:36:51.534-03:00  INFO 38420 --- [restartedMain] o.f.core.internal.command.DbMigrate      : Current version of schema "PUBLIC": << Empty Schema >>
2023-10-09T15:36:51.540-03:00  INFO 38420 --- [restartedMain] o.f.core.internal.command.DbMigrate      : Migrating schema "PUBLIC" to version "1.0 - Init"
2023-10-09T15:36:51.567-03:00  INFO 38420 --- [restartedMain] o.f.core.internal.command.DbMigrate      : Migrating schema "PUBLIC" to version "1.1 - Data"
2023-10-09T15:36:51.582-03:00  INFO 38420 --- [restartedMain] o.f.core.internal.command.DbMigrate      : Successfully applied 2 migrations to schema "PUBLIC", now at version v1.1 (execution time 00:00.050s)
2023-10-09T15:36:51.701-03:00  INFO 38420 --- [restartedMain] o.hibernate.jpa.internal.util.LogHelper  : HHH000204: Processing PersistenceUnitInfo [name: default]
2023-10-09T15:36:51.816-03:00  INFO 38420 --- [restartedMain] org.hibernate.Version                    : HHH000412: Hibernate ORM core version 6.2.6.Final
2023-10-09T15:36:51.820-03:00  INFO 38420 --- [restartedMain] org.hibernate.cfg.Environment            : HHH000406: Using bytecode reflection optimizer
2023-10-09T15:36:51.830-03:00  WARN 38420 --- [restartedMain] org.hibernate.orm.deprecation            : HHH90000021: Encountered deprecated setting [javax.persistence.validation.mode], use [jakarta.persistence.validation.mode] instead
2023-10-09T15:36:52.051-03:00  INFO 38420 --- [restartedMain] o.h.b.i.BytecodeProviderInitiator        : HHH000021: Bytecode provider name : bytebuddy
2023-10-09T15:36:52.223-03:00  INFO 38420 --- [restartedMain] o.s.o.j.p.SpringPersistenceUnitInfo      : No LoadTimeWeaver setup: ignoring JPA class transformer
2023-10-09T15:36:52.627-03:00  INFO 38420 --- [restartedMain] o.h.b.i.BytecodeProviderInitiator        : HHH000021: Bytecode provider name : bytebuddy
2023-10-09T15:36:53.740-03:00  INFO 38420 --- [restartedMain] o.h.e.t.j.p.i.JtaPlatformInitiator       : HHH000490: Using JtaPlatform implementation: [org.hibernate.engine.transaction.jta.platform.internal.NoJtaPlatform]
2023-10-09T15:36:53.747-03:00  INFO 38420 --- [restartedMain] j.LocalContainerEntityManagerFactoryBean : Initialized JPA EntityManagerFactory for persistence unit 'default'
2023-10-09T15:36:54.925-03:00  WARN 38420 --- [restartedMain] JpaBaseConfiguration$JpaWebConfiguration : spring.jpa.open-in-view is enabled by default. Therefore, database queries may be performed during view rendering. Explicitly configure spring.jpa.open-in-view to disable this warning
2023-10-09T15:36:55.101-03:00  INFO 38420 --- [restartedMain] o.s.s.web.DefaultSecurityFilterChain     : Will secure any request with [org.springframework.security.web.session.DisableEncodeUrlFilter@6bce8a09, org.springframework.security.web.context.request.async.WebAsyncManagerIntegrationFilter@24ee336b, org.springframework.security.web.context.SecurityContextHolderFilter@499d2f9f, org.springframework.security.web.header.HeaderWriterFilter@333da05c, org.springframework.web.filter.CorsFilter@33590368, org.springframework.security.web.authentication.logout.LogoutFilter@236b2c49, br.edu.utfpr.pb.pw26s.server.security.JWTAuthenticationFilter@4edd4b1c, br.edu.utfpr.pb.pw26s.server.security.JWTAuthorizationFilter@51dc0e0c, org.springframework.security.web.savedrequest.RequestCacheAwareFilter@4749bd12, org.springframework.security.web.servletapi.SecurityContextHolderAwareRequestFilter@7833fe17, org.springframework.security.web.authentication.AnonymousAuthenticationFilter@4fc1a37, org.springframework.security.web.session.SessionManagementFilter@1f4ba284, org.springframework.security.web.access.ExceptionTranslationFilter@74447b65, org.springframework.security.web.access.intercept.AuthorizationFilter@61b5cb50]
2023-10-09T15:36:56.000-03:00  INFO 38420 --- [restartedMain] o.s.b.d.a.OptionalLiveReloadServer       : LiveReload server is running on port 35729
2023-10-09T15:36:56.007-03:00  INFO 38420 --- [restartedMain] o.s.b.a.e.web.EndpointLinksResolver      : Exposing 15 endpoint(s) beneath base path '/actuator'
2023-10-09T15:36:56.117-03:00  INFO 38420 --- [restartedMain] o.s.b.w.embedded.tomcat.TomcatWebServer  : Tomcat started on port(s): 8080 (http) with context path ''
2023-10-09T15:36:56.136-03:00  INFO 38420 --- [restartedMain] b.e.u.pb.pw26s.server.ServerApplication  : Started ServerApplication in 9.431 seconds (process running for 11.099)
2023-10-09T15:36:56.622-03:00  INFO 38420 --- [RMI TCP Connection(3)-172.28.240.1] o.a.c.c.C.[Tomcat].[localhost].[/]       : Initializing Spring DispatcherServlet 'dispatcherServlet'
2023-10-09T15:36:56.622-03:00  INFO 38420 --- [RMI TCP Connection(3)-172.28.240.1] o.s.web.servlet.DispatcherServlet        : Initializing Servlet 'dispatcherServlet'
2023-10-09T15:36:56.625-03:00  INFO 38420 --- [RMI TCP Connection(3)-172.28.240.1] o.s.web.servlet.DispatcherServlet        : Completed initialization in 3 ms
2023-10-09T15:37:01.195-03:00  WARN 38420 --- [registrationTask1] d.c.b.a.c.r.ApplicationRegistrator       : Failed to register application as Application(name=spring-boot-application, managementUrl=http://DESKTOP-PUU3LHI:8080/actuator, healthUrl=http://DESKTOP-PUU3LHI:8080/actuator/health, serviceUrl=http://DESKTOP-PUU3LHI:8080/) at spring-boot-admin ([http://localhost:8081/instances]): I/O error on POST request for "http://localhost:8081/instances": Failed to connect to localhost/[0:0:0:0:0:0:0:1]:8081. Further attempts are logged on DEBUG level
2023-10-09T15:41:43.432-03:00  INFO 38420 --- [SpringApplicationShutdownHook] j.LocalContainerEntityManagerFactoryBean : Closing JPA EntityManagerFactory for persistence unit 'default'
2023-10-09T15:41:43.829-03:00  WARN 38420 --- [SpringApplicationShutdownHook] o.s.b.f.support.DisposableBeanAdapter    : Invocation of destroy method failed on bean with name 'inMemoryDatabaseShutdownExecutor': org.h2.jdbc.JdbcSQLNonTransientConnectionException: Database is already closed (to disable automatic closing at VM shutdown, add ";DB_CLOSE_ON_EXIT=FALSE" to the db URL) [90121-214]
2023-10-09T15:41:43.833-03:00  INFO 38420 --- [SpringApplicationShutdownHook] com.zaxxer.hikari.HikariDataSource       : HikariPool-1 - Shutdown initiated...
2023-10-09T15:41:43.982-03:00  INFO 38420 --- [SpringApplicationShutdownHook] com.zaxxer.hikari.HikariDataSource       : HikariPool-1 - Shutdown completed.
